\BOOKMARK [1][-]{section.1}{\376\377\217\331\213\262\127\050\174\373\176\337\116\073\176\277\116\055\166\204\117\115\177\156}{}% 1
\BOOKMARK [2][-]{subsection.1.1}{\376\377\116\316\000\040\000A\0001\0000\0000\000\040\000/\000\040\000H\0001\0000\0000\000\040\211\304\150\074\122\060\167\037\133\236\000\040\000w\000o\000r\000k\000l\000o\000a\000d}{section.1}% 2
\BOOKMARK [2][-]{subsection.1.2}{\376\377\147\054\172\340\134\017\176\323}{section.1}% 3
\BOOKMARK [1][-]{section.2}{\376\377\121\110\122\053\117\030\123\026\377\014\121\110\000\040\000b\000e\000n\000c\000h\000m\000a\000r\000k\000\040\000/\000\040\000p\000r\000o\000f\000i\000l\000e}{}% 4
\BOOKMARK [2][-]{subsection.2.1}{\376\377\116\072\116\300\116\110\000\040\000b\000e\000n\000c\000h\000m\000a\000r\000k\000i\000n\000g\000\040\153\324\040\034\167\013\000\040\000s\000p\000e\000c\000\040\000s\000h\000e\000e\000t\040\035\146\364\221\315\211\201}{section.2}% 5
\BOOKMARK [2][-]{subsection.2.2}{\376\377\000B\000e\000n\000c\000h\000m\000a\000r\000k\000\040\211\343\121\263\166\204\146\057\040\034\147\011\131\032\137\353\040\035\377\014\000p\000r\000o\000f\000i\000l\000i\000n\000g\000\040\211\343\121\263\166\204\146\057\040\034\137\353\141\142\147\145\201\352\124\352\040\035}{section.2}% 6
\BOOKMARK [2][-]{subsection.2.3}{\376\377\116\072\116\300\116\110\167\351\226\065\116\130\154\325\167\013\215\167\147\145\173\200\123\125\377\014\140\047\200\375\123\164\136\166\116\015\140\073\146\057\123\357\230\204\155\113}{section.2}% 7
\BOOKMARK [2][-]{subsection.2.4}{\376\377\147\054\172\340\134\017\176\323}{section.2}% 8
\BOOKMARK [1][-]{section.3}{\376\377\000A\000r\000i\000t\000h\000m\000e\000t\000i\000c\000\040\000I\000n\000t\000e\000n\000s\000i\000t\000y\377\032\142\212\142\100\147\011\117\030\123\026\213\355\212\000\176\337\116\000\215\167\147\145}{}% 9
\BOOKMARK [2][-]{subsection.3.1}{\376\377\116\072\116\300\116\110\213\376\172\013\211\201\142\212\040\034\173\227\147\057\137\072\136\246\040\035\145\076\127\050\145\164\213\262\116\055\131\056}{section.3}% 10
\BOOKMARK [2][-]{subsection.3.2}{\376\377\116\072\116\300\116\110\167\351\226\065\116\130\154\325\220\032\136\070\146\057\000\040\000c\000o\000m\000p\000u\000t\000e\000-\000b\000o\000u\000n\000d\377\014\200\014\137\210\131\032\122\053\166\204\144\315\117\134\116\015\146\057}{section.3}% 11
\BOOKMARK [2][-]{subsection.3.3}{\376\377\147\054\172\340\134\017\176\323}{section.3}% 12
\BOOKMARK [1][-]{section.4}{\376\377\121\155\171\315\136\070\211\301\143\320\220\037\142\113\153\265\377\032\147\054\215\050\220\375\127\050\124\214\000\040\000m\000e\000m\000o\000r\000y\000\040\144\017\145\227}{}% 13
\BOOKMARK [2][-]{subsection.4.1}{\376\377\117\116\174\276\136\246\377\032\121\110\116\316\134\021\144\054\116\000\160\271\145\160\143\156\137\000\131\313}{section.4}% 14
\BOOKMARK [2][-]{subsection.4.2}{\376\377\000o\000p\000e\000r\000a\000t\000o\000r\000\040\000f\000u\000s\000i\000o\000n\377\032\116\015\211\201\142\212\116\323\136\223\162\151\155\101\137\123\142\020\236\330\213\244\116\343\116\367}{section.4}% 15
\BOOKMARK [2][-]{subsection.4.3}{\376\377\000r\000e\000c\000o\000m\000p\000u\000t\000a\000t\000i\000o\000n\377\032\147\011\145\366\221\315\173\227\153\324\133\130\116\013\121\215\213\373\146\364\122\022\173\227}{section.4}% 16
\BOOKMARK [2][-]{subsection.4.4}{\376\377\000c\000o\000a\000l\000e\000s\000c\000i\000n\000g\000\040\116\016\000\040\000t\000i\000l\000i\000n\000g\377\032\167\037\153\143\166\204\131\047\131\064}{section.4}% 17
\BOOKMARK [2][-]{subsection.4.5}{\376\377\147\054\172\340\134\017\176\323}{section.4}% 18
\BOOKMARK [1][-]{section.5}{\376\377\000C\000U\000D\000A\000\040\116\016\000\040\000T\000r\000i\000t\000o\000n\377\032\116\072\116\300\116\110\213\376\172\013\211\201\117\140\137\200\116\013\167\013\122\060\000\040\000k\000e\000r\000n\000e\000l\000\040\116\343\170\001}{}% 19
\BOOKMARK [2][-]{subsection.5.1}{\376\377\116\072\116\300\116\110\142\113\121\231\116\000\116\052\173\200\123\125\000\040\000C\000U\000D\000A\000\040\000G\000e\000L\000U\000\040\116\315\161\066\137\210\147\011\116\367\120\074}{section.5}% 20
\BOOKMARK [2][-]{subsection.5.2}{\376\377\000T\000r\000i\000t\000o\000n\000\040\166\204\167\037\153\143\116\367\120\074\377\032\142\212\131\047\221\317\136\225\134\102\147\072\150\260\155\073\201\352\122\250\123\026\377\014\117\106\116\015\142\271\143\211\170\154\116\366\140\035\176\364}{section.5}% 21
\BOOKMARK [2][-]{subsection.5.3}{\376\377\147\054\172\340\134\017\176\323}{section.5}% 22
\BOOKMARK [1][-]{section.6}{\376\377\140\073\176\323\116\016\136\366\117\070}{}% 23
