\BOOKMARK [1][-]{section.1}{\376\377\142\212\213\355\212\000\152\041\127\213\121\231\142\020\116\000\116\052\000\040\000R\000L\000\040\225\356\230\230\377\032\000s\000t\000a\000t\000e\060\001\000a\000c\000t\000i\000o\000n\060\001\000r\000e\000w\000a\000r\000d\000\040\122\060\136\225\146\057\116\300\116\110}{}% 1
\BOOKMARK [2][-]{subsection.1.1}{\376\377\173\054\000\040\0001\0007\000\040\213\262\121\110\142\212\173\046\123\367\124\214\133\371\214\141\164\006\230\172}{section.1}% 2
\BOOKMARK [2][-]{subsection.1.2}{\376\377\147\054\172\340\134\017\176\323}{section.1}% 3
\BOOKMARK [1][-]{section.2}{\376\377\000n\000a\000i\000v\000e\000\040\000p\000o\000l\000i\000c\000y\000\040\000g\000r\000a\000d\000i\000e\000n\000t\377\032\121\154\137\017\137\210\167\355\377\014\145\271\135\356\137\210\131\047}{}% 4
\BOOKMARK [2][-]{subsection.2.1}{\376\377\116\316\166\356\150\007\121\375\145\160\122\060\000\040\000l\000o\000g\000-\000d\000e\000r\000i\000v\000a\000t\000i\000v\000e\000\040\000t\000r\000i\000c\000k}{section.2}% 5
\BOOKMARK [2][-]{subsection.2.2}{\376\377\116\072\116\300\116\110\000\040\000n\000a\000i\000v\000e\000\040\162\110\147\054\117\032\137\210\174\337}{section.2}% 6
\BOOKMARK [2][-]{subsection.2.3}{\376\377\147\054\172\340\134\017\176\323}{section.2}% 7
\BOOKMARK [1][-]{section.3}{\376\377\000b\000a\000s\000e\000l\000i\000n\000e\000\040\116\016\000\040\000a\000d\000v\000a\000n\000t\000a\000g\000e\377\032\116\072\116\300\116\110\040\034\153\324\136\163\127\107\131\175\131\032\134\021\040\035\153\324\040\034\142\377\116\206\131\032\134\021\122\006\040\035\146\364\221\315\211\201}{}% 8
\BOOKMARK [2][-]{subsection.3.1}{\376\377\000b\000a\000s\000e\000l\000i\000n\000e\000\040\166\204\117\134\165\050\146\057\226\115\145\271\135\356\377\014\200\014\116\015\146\057\145\071\166\356\150\007}{section.3}% 9
\BOOKMARK [2][-]{subsection.3.2}{\376\377\213\376\172\013\220\243\116\052\116\044\162\266\140\001\117\213\133\120\122\060\136\225\140\363\213\364\146\016\116\300\116\110}{section.3}% 10
\BOOKMARK [2][-]{subsection.3.3}{\376\377\000a\000d\000v\000a\000n\000t\000a\000g\000e\000\040\121\166\133\236\134\061\146\057\116\000\116\052\146\364\147\011\213\355\116\111\166\204\000\040\000b\000a\000s\000e\000l\000i\000n\000e\000d\000\040\000r\000e\000w\000a\000r\000d}{section.3}% 11
\BOOKMARK [2][-]{subsection.3.4}{\376\377\147\054\172\340\134\017\176\323}{section.3}% 12
\BOOKMARK [1][-]{section.4}{\376\377\000G\000R\000P\000O\377\032\142\212\131\032\126\336\173\124\176\304\176\323\147\204\123\330\142\020\136\311\116\367\000\040\000a\000d\000v\000a\000n\000t\000a\000g\000e}{}% 13
\BOOKMARK [2][-]{subsection.4.1}{\376\377\116\072\116\300\116\110\213\355\212\000\152\041\127\213\131\051\161\066\220\002\124\010\000\040\000g\000r\000o\000u\000p\000-\000r\000e\000l\000a\000t\000i\000v\000e\000\040\000b\000a\000s\000e\000l\000i\000n\000e}{section.4}% 14
\BOOKMARK [2][-]{subsection.4.2}{\376\377\116\072\116\300\116\110\145\347\173\126\165\145\166\204\000\040\000l\000o\000g\000\040\000p\000r\000o\000b\000\040\137\305\230\173\210\253\121\273\176\323}{section.4}% 15
\BOOKMARK [2][-]{subsection.4.3}{\376\377\000K\000L\000\040\153\143\122\031\116\072\116\300\116\110\217\330\211\201\117\335\165\131}{section.4}% 16
\BOOKMARK [2][-]{subsection.4.4}{\376\377\147\054\172\340\134\017\176\323}{section.4}% 17
\BOOKMARK [1][-]{section.5}{\376\377\000r\000a\000w\000\040\000r\000e\000w\000a\000r\000d\060\001\000c\000e\000n\000t\000e\000r\000e\000d\000\040\000r\000e\000w\000a\000r\000d\000\040\116\016\000\040\000n\000o\000r\000m\000a\000l\000i\000z\000e\000d\000\040\000r\000e\000w\000a\000r\000d\377\032\213\255\176\303\122\250\140\001\116\072\116\300\116\110\117\032\146\016\146\076\116\015\124\014}{}% 18
\BOOKMARK [2][-]{subsection.5.1}{\376\377\213\376\172\013\116\072\116\300\116\110\165\050\143\222\136\217\116\373\122\241\120\132\000\040\000t\000o\000y\000\040\000e\000x\000p\000e\000r\000i\000m\000e\000n\000t}{section.5}% 19
\BOOKMARK [2][-]{subsection.5.2}{\376\377\166\364\143\245\165\050\000\040\000r\000a\000w\000\040\000r\000e\000w\000a\000r\000d\377\014\116\072\116\300\116\110\145\110\147\234\116\000\202\054}{section.5}% 20
\BOOKMARK [2][-]{subsection.5.3}{\376\377\000c\000e\000n\000t\000e\000r\000e\000d\000\040\000r\000e\000w\000a\000r\000d\000\040\116\072\116\300\116\110\220\032\136\070\146\364\172\063}{section.5}% 21
\BOOKMARK [2][-]{subsection.5.4}{\376\377\150\007\121\306\135\356\137\122\116\000\123\026\136\046\147\145\116\206\116\300\116\110\377\014\123\310\137\025\121\372\116\206\116\300\116\110}{section.5}% 22
\BOOKMARK [2][-]{subsection.5.5}{\376\377\147\054\172\340\134\017\176\323}{section.5}% 23
\BOOKMARK [1][-]{section.6}{\376\377\116\316\000\040\000t\000o\000y\000\040\000t\000a\000s\000k\000\040\126\336\122\060\167\037\133\236\174\373\176\337\377\032\116\072\116\300\116\110\173\054\000\040\0001\0007\000\040\213\262\217\330\127\050\213\262\127\372\170\100\213\276\145\275}{}% 24
\BOOKMARK [2][-]{subsection.6.1}{\376\377\000R\000L\000\040\153\324\000\040\000p\000r\000e\000t\000r\000a\000i\000n\000i\000n\000g\000\040\146\364\120\317\040\034\165\037\142\020\174\373\176\337\122\240\123\315\231\210\174\373\176\337\166\204\200\046\124\010\040\035}{section.6}% 25
\BOOKMARK [2][-]{subsection.6.2}{\376\377\147\054\172\340\134\017\176\323}{section.6}% 26
\BOOKMARK [1][-]{section.7}{\376\377\213\376\172\013\147\000\124\016\140\363\213\251\117\140\213\260\117\117\116\300\116\110\377\032\000R\000L\000V\000R\000\040\137\210\137\072\377\014\117\106\174\373\176\337\131\015\147\102\136\246\124\014\150\067\127\050\116\012\123\107}{}% 27
\BOOKMARK [2][-]{subsection.7.1}{\376\377\040\034\000I\000f\000\040\000y\000o\000u\000\040\000c\000a\000n\000\040\000m\000e\000a\000s\000u\000r\000e\000\040\000i\000t\000,\000\040\000y\000o\000u\000\040\000c\000a\000n\000\040\000o\000p\000t\000i\000m\000i\000z\000e\000\040\000i\000t\040\035\166\204\122\115\143\320}{section.7}% 28
\BOOKMARK [2][-]{subsection.7.2}{\376\377\116\072\116\300\116\110\000\040\000R\000L\000\040\000s\000y\000s\000t\000e\000m\000s\000\040\146\016\146\076\153\324\000\040\000p\000r\000e\000t\000r\000a\000i\000n\000i\000n\000g\000\040\146\364\131\015\147\102}{section.7}% 29
\BOOKMARK [2][-]{subsection.7.3}{\376\377\147\054\172\340\134\017\176\323}{section.7}% 30
\BOOKMARK [1][-]{section.8}{\376\377\140\073\176\323\116\016\136\366\117\070}{}% 31
