\BOOKMARK [1][-]{section.1}{\376\377\116\072\116\300\116\110\000\040\000s\000c\000a\000l\000i\000n\000g\000\040\000l\000a\000w\000s\000\040\146\057\131\047\152\041\127\213\145\366\116\343\166\204\230\204\173\227\213\241\173\227\126\150}{}% 1
\BOOKMARK [2][-]{subsection.1.1}{\376\377\116\316\040\034\116\000\116\007\116\052\000\040\000H\0001\0000\0000\040\035\137\000\131\313\377\014\213\376\172\013\122\060\136\225\127\050\225\356\116\300\116\110}{section.1}% 2
\BOOKMARK [2][-]{subsection.1.2}{\376\377\123\206\123\362\200\314\146\157\377\032\000s\000c\000a\000l\000i\000n\000g\000\040\116\015\146\057\000\040\000L\000L\000M\000\040\145\366\116\343\172\201\161\066\123\321\146\016\166\204}{section.1}% 3
\BOOKMARK [2][-]{subsection.1.3}{\376\377\147\054\172\340\134\017\176\323}{section.1}% 4
\BOOKMARK [1][-]{section.2}{\376\377\145\160\143\156\000\040\000s\000c\000a\000l\000i\000n\000g\000\040\000l\000a\000w\377\032\116\072\116\300\116\110\000\040\000l\000o\000g\000-\000l\000o\000g\000\040\126\376\117\032\123\330\166\364}{}% 5
\BOOKMARK [2][-]{subsection.2.1}{\376\377\116\300\116\110\123\353\000\040\000d\000a\000t\000a\000\040\000s\000c\000a\000l\000i\000n\000g\000\040\000l\000a\000w}{section.2}% 6
\BOOKMARK [2][-]{subsection.2.2}{\376\377\127\107\120\074\117\060\213\241\217\331\116\052\163\251\121\167\117\213\133\120\116\072\116\300\116\110\137\210\121\163\225\056}{section.2}% 7
\BOOKMARK [2][-]{subsection.2.3}{\376\377\116\072\116\300\116\110\171\136\176\317\177\121\176\334\221\314\166\204\000\040\000e\000x\000p\000o\000n\000e\000n\000t\000\040\116\315\161\066\146\057\116\052\214\034}{section.2}% 8
\BOOKMARK [2][-]{subsection.2.4}{\376\377\147\054\172\340\134\017\176\323}{section.2}% 9
\BOOKMARK [1][-]{section.3}{\376\377\145\160\143\156\116\015\123\352\147\011\211\304\152\041\377\014\217\330\147\011\176\304\142\020\060\001\221\315\131\015\124\214\122\006\136\003\120\117\171\373}{}% 10
\BOOKMARK [2][-]{subsection.3.1}{\376\377\145\160\143\156\176\304\142\020\137\200\137\200\145\071\166\204\146\057\000\040\000o\000f\000f\000s\000e\000t\377\014\200\014\116\015\116\000\133\232\145\071\000\040\000s\000l\000o\000p\000e}{section.3}% 11
\BOOKMARK [2][-]{subsection.3.2}{\376\377\221\315\131\015\145\160\143\156\116\072\116\300\116\110\116\015\200\375\143\011\124\015\116\111\000\040\000t\000o\000k\000e\000n\000\040\145\160\147\145\173\227}{section.3}% 12
\BOOKMARK [2][-]{subsection.3.3}{\376\377\147\054\172\340\134\017\176\323}{section.3}% 13
\BOOKMARK [1][-]{section.4}{\376\377\152\041\127\213\135\345\172\013\116\137\123\357\116\345\120\132\000\040\000s\000c\000a\000l\000i\000n\000g\000\040\000a\000n\000a\000l\000y\000s\000i\000s}{}% 14
\BOOKMARK [2][-]{subsection.4.1}{\376\377\226\144\116\206\145\160\143\156\221\317\377\014\217\330\200\375\131\026\143\250\116\300\116\110}{section.4}% 15
\BOOKMARK [2][-]{subsection.4.2}{\376\377\000c\000r\000i\000t\000i\000c\000a\000l\000\040\000b\000a\000t\000c\000h\000\040\000s\000i\000z\000e\000\040\213\364\146\016\000\040\000b\000a\000t\000c\000h\000\040\116\015\146\057\215\212\131\047\215\212\131\175}{section.4}% 16
\BOOKMARK [2][-]{subsection.4.3}{\376\377\000m\000u\000P\000\040\124\214\000\040\000s\000c\000a\000l\000e\000-\000a\000w\000a\000r\000e\000\040\133\146\116\140\163\207\123\352\146\057\217\331\116\000\213\262\166\204\230\204\124\112}{section.4}% 17
\BOOKMARK [2][-]{subsection.4.4}{\376\377\147\054\172\340\134\017\176\323}{section.4}% 18
\BOOKMARK [1][-]{section.5}{\376\377\200\124\124\010\145\160\143\156\000-\152\041\127\213\000\040\000s\000c\000a\000l\000i\000n\000g\377\032\126\336\173\124\040\034\213\345\122\240\145\160\143\156\217\330\146\057\122\240\152\041\127\213\040\035}{}% 19
\BOOKMARK [2][-]{subsection.5.1}{\376\377\167\037\153\143\166\204\213\255\176\303\211\304\122\022\116\000\133\232\146\057\131\032\217\164\200\124\122\250\166\204}{section.5}% 20
\BOOKMARK [2][-]{subsection.5.2}{\376\377\116\072\116\300\116\110\134\017\152\041\127\213\117\032\155\152\215\071\131\047\145\160\143\156}{section.5}% 21
\BOOKMARK [2][-]{subsection.5.3}{\376\377\147\054\172\340\134\017\176\323}{section.5}% 22
\BOOKMARK [1][-]{section.6}{\376\377\140\073\176\323\116\016\136\366\117\070}{}% 23
