\BOOKMARK [1][-]{section.1}{\376\377\116\072\116\300\116\110\136\166\210\114\213\255\176\303\117\032\142\020\116\072\131\047\152\041\127\213\145\366\116\343\166\204\236\330\213\244\122\115\143\320}{}% 1
\BOOKMARK [2][-]{subsection.1.1}{\376\377\147\054\172\340\134\017\176\323}{section.1}% 2
\BOOKMARK [1][-]{section.2}{\376\377\000C\000o\000l\000l\000e\000c\000t\000i\000v\000e\000\040\000c\000o\000m\000m\000u\000n\000i\000c\000a\000t\000i\000o\000n\377\032\116\072\116\300\116\110\122\006\136\003\137\017\213\255\176\303\121\110\116\316\177\121\176\334\123\237\213\355\137\000\131\313}{}% 3
\BOOKMARK [2][-]{subsection.2.1}{\376\377\000a\000l\000l\000-\000r\000e\000d\000u\000c\000e\060\001\000a\000l\000l\000-\000g\000a\000t\000h\000e\000r\060\001\000b\000r\000o\000a\000d\000c\000a\000s\000t\060\001\000r\000e\000d\000u\000c\000e\000-\000s\000c\000a\000t\000t\000e\000r\000\040\146\057\116\300\116\110}{section.2}% 4
\BOOKMARK [2][-]{subsection.2.2}{\376\377\000T\000P\000U\000\040\116\016\000\040\000G\000P\000U\000\040\127\050\220\032\117\341\116\012\166\204\135\356\137\002\116\072\116\300\116\110\221\315\211\201}{section.2}% 5
\BOOKMARK [2][-]{subsection.2.3}{\376\377\147\054\172\340\134\017\176\323}{section.2}% 6
\BOOKMARK [1][-]{section.3}{\376\377\000D\000a\000t\000a\000\040\000P\000a\000r\000a\000l\000l\000e\000l\000\040\116\016\000\040\000Z\000e\000R\000O\377\032\147\000\201\352\161\066\116\137\147\000\133\271\146\023\144\236\130\231\166\204\136\166\210\114\215\167\160\271}{}% 7
\BOOKMARK [2][-]{subsection.3.1}{\376\377\000N\000a\000i\000v\000e\000\040\000d\000a\000t\000a\000\040\000p\000a\000r\000a\000l\000l\000e\000l\000\040\166\204\117\030\160\271\124\214\170\154\117\044}{section.3}% 8
\BOOKMARK [2][-]{subsection.3.2}{\376\377\000Z\000e\000R\000O\000\040\000s\000t\000a\000g\000e\000\040\0001\000\040\000/\000\040\0002\000\040\000/\000\040\0003\000\040\127\050\147\054\215\050\116\012\122\006\122\053\211\343\121\263\116\300\116\110}{section.3}% 9
\BOOKMARK [2][-]{subsection.3.3}{\376\377\116\072\116\300\116\110\213\376\172\013\213\364\000\040\000Z\000e\000R\000O\000\040\000s\000t\000a\000g\000e\000\040\0003\000\040\206\175\131\175\117\106\136\166\116\015\116\007\200\375}{section.3}% 10
\BOOKMARK [2][-]{subsection.3.4}{\376\377\147\054\172\340\134\017\176\323}{section.3}% 11
\BOOKMARK [1][-]{section.4}{\376\377\000M\000o\000d\000e\000l\000\040\000P\000a\000r\000a\000l\000l\000e\000l\377\032\116\072\116\300\116\110\116\305\227\140\145\160\143\156\136\166\210\114\217\330\116\015\131\037}{}% 12
\BOOKMARK [2][-]{subsection.4.1}{\376\377\000P\000i\000p\000e\000l\000i\000n\000e\000\040\000p\000a\000r\000a\000l\000l\000e\000l\000\040\140\363\211\343\121\263\116\300\116\110}{section.4}% 13
\BOOKMARK [2][-]{subsection.4.2}{\376\377\116\072\116\300\116\110\000\040\000p\000i\000p\000e\000l\000i\000n\000e\000\040\136\070\210\253\145\076\127\050\141\142\224\376\215\357\116\012}{section.4}% 14
\BOOKMARK [2][-]{subsection.4.3}{\376\377\000T\000e\000n\000s\000o\000r\000\040\000p\000a\000r\000a\000l\000l\000e\000l\000\040\116\072\116\300\116\110\167\013\215\167\147\145\146\364\040\034\117\030\226\305\040\035}{section.4}% 15
\BOOKMARK [2][-]{subsection.4.4}{\376\377\116\072\116\300\116\110\000\040\000s\000e\000q\000u\000e\000n\000c\000e\000\040\000p\000a\000r\000a\000l\000l\000e\000l\000\040\117\032\201\352\161\066\121\222\121\372\147\145}{section.4}% 16
\BOOKMARK [2][-]{subsection.4.5}{\376\377\147\054\172\340\134\017\176\323}{section.4}% 17
\BOOKMARK [1][-]{section.5}{\376\377\116\072\116\300\116\110\167\037\133\236\213\255\176\303\137\200\137\200\211\201\142\212\131\032\171\315\136\166\210\114\124\014\145\366\165\050\116\012}{}% 18
\BOOKMARK [2][-]{subsection.5.1}{\376\377\123\125\116\000\136\166\210\114\173\126\165\145\137\210\134\021\162\354\201\352\211\343\121\263\121\150\220\350\225\356\230\230}{section.5}% 19
\BOOKMARK [2][-]{subsection.5.2}{\376\377\213\376\172\013\167\037\153\143\140\363\145\131\166\204\146\057\040\034\124\352\171\315\220\032\117\341\202\261\127\050\116\300\116\110\127\060\145\271\040\035}{section.5}% 20
\BOOKMARK [2][-]{subsection.5.3}{\376\377\147\054\172\340\134\017\176\323}{section.5}% 21
\BOOKMARK [1][-]{section.6}{\376\377\140\073\176\323\116\016\136\366\117\070}{}% 22
