\BOOKMARK [1][-]{section.1}{\376\377\145\160\143\156\116\072\117\125\142\020\116\206\000\040\000f\000o\000u\000n\000d\000a\000t\000i\000o\000n\000\040\000m\000o\000d\000e\000l\000\040\145\366\116\343\147\000\226\276\131\015\122\066\166\204\142\244\127\316\154\263}{}% 1
\BOOKMARK [2][-]{subsection.1.1}{\376\377\116\072\116\300\116\110\121\154\123\370\147\000\116\015\141\077\141\017\121\154\137\000\166\204\146\057\145\160\143\156}{section.1}% 2
\BOOKMARK [2][-]{subsection.1.2}{\376\377\147\054\172\340\134\017\176\323}{section.1}% 3
\BOOKMARK [1][-]{section.2}{\376\377\116\316\000\040\000p\000r\000e\000t\000r\000a\000i\000n\000i\000n\000g\000\040\122\060\000\040\000p\000o\000s\000t\000-\000t\000r\000a\000i\000n\000i\000n\000g\377\032\145\160\143\156\215\050\221\317\154\277\167\100\213\255\176\303\226\066\153\265\116\015\145\255\143\320\232\330}{}% 4
\BOOKMARK [2][-]{subsection.2.1}{\376\377\116\011\226\066\153\265\211\306\211\322\377\032\131\047\200\014\147\102\377\014\220\020\156\020\215\160\124\021\134\017\200\014\174\276}{section.2}% 5
\BOOKMARK [2][-]{subsection.2.2}{\376\377\116\072\116\300\116\110\217\331\131\127\122\006\134\102\227\136\136\070\121\163\225\056}{section.2}% 6
\BOOKMARK [2][-]{subsection.2.3}{\376\377\147\054\172\340\134\017\176\323}{section.2}% 7
\BOOKMARK [1][-]{section.3}{\376\377\230\204\213\255\176\303\145\160\143\156\122\060\136\225\147\145\201\352\124\352\221\314\377\032\177\121\230\165\060\001\116\146\174\115\060\001\213\272\145\207\060\001\116\343\170\001\116\016\171\076\123\072\145\207\147\054}{}% 8
\BOOKMARK [2][-]{subsection.3.1}{\376\377\230\204\213\255\176\303\116\015\146\057\040\034\121\150\177\121\142\223\116\000\220\115\040\035\377\014\200\014\146\057\131\015\147\102\166\204\145\160\143\156\117\233\136\224\224\376}{section.3}% 9
\BOOKMARK [2][-]{subsection.3.2}{\376\377\000H\000T\000M\000L\000\040\217\154\145\207\147\054\060\001\123\273\221\315\124\214\217\307\156\344\116\072\116\300\116\110\117\032\145\071\123\330\152\041\127\213\215\050\221\317}{section.3}% 10
\BOOKMARK [2][-]{subsection.3.3}{\376\377\116\015\124\014\147\145\156\220\136\046\147\145\116\015\124\014\200\375\122\233\124\214\230\316\226\151}{section.3}% 11
\BOOKMARK [2][-]{subsection.3.4}{\376\377\147\054\172\340\134\017\176\323}{section.3}% 12
\BOOKMARK [1][-]{section.4}{\376\377\152\041\127\213\137\017\217\307\156\344\166\204\121\164\215\167\377\032\116\316\124\057\123\321\137\017\211\304\122\031\122\060\165\050\152\041\127\213\220\011\145\160\143\156}{}% 13
\BOOKMARK [2][-]{subsection.4.1}{\376\377\116\072\116\300\116\110\176\257\142\113\135\345\211\304\122\031\137\000\131\313\116\015\131\037\165\050}{section.4}% 14
\BOOKMARK [2][-]{subsection.4.2}{\376\377\152\041\127\213\217\307\156\344\166\204\117\030\122\277\116\016\145\260\225\356\230\230}{section.4}% 15
\BOOKMARK [2][-]{subsection.4.3}{\376\377\147\054\172\340\134\017\176\323}{section.4}% 16
\BOOKMARK [1][-]{section.5}{\376\377\162\110\147\103\060\001\213\270\123\357\060\001\000f\000a\000i\000r\000\040\000u\000s\000e\000\040\116\016\000\040\000T\000o\000S\377\032\145\160\143\156\116\015\146\057\123\352\211\201\167\013\211\301\134\061\200\375\142\377\147\145\213\255}{}% 17
\BOOKMARK [2][-]{subsection.5.1}{\376\377\162\110\147\103\154\325\121\163\137\303\166\204\146\057\210\150\217\276\377\014\116\015\123\352\146\057\133\127\227\142\131\015\122\066}{section.5}% 18
\BOOKMARK [2][-]{subsection.5.2}{\376\377\213\270\123\357\060\001\000f\000a\000i\000r\000\040\000u\000s\000e\000\040\124\214\000\040\000T\000o\000S\000\040\146\057\116\011\134\102\116\015\124\014\176\246\147\137}{section.5}% 19
\BOOKMARK [2][-]{subsection.5.3}{\376\377\147\054\172\340\134\017\176\323}{section.5}% 20
\BOOKMARK [1][-]{section.6}{\376\377\000m\000i\000d\000-\000t\000r\000a\000i\000n\000i\000n\000g\000\040\116\016\000\040\000p\000o\000s\000t\000-\000t\000r\000a\000i\000n\000i\000n\000g\000\040\145\160\143\156\377\032\200\375\122\233\130\236\137\072\124\214\210\114\116\072\130\121\137\142\166\204\123\346\116\000\131\127\116\026\165\114}{}% 21
\BOOKMARK [2][-]{subsection.6.1}{\376\377\225\177\116\012\116\013\145\207\124\214\200\375\122\233\130\236\137\072\137\200\137\200\116\015\213\345\127\050\230\204\213\255\176\303\221\314\170\154\120\132}{section.6}% 22
\BOOKMARK [2][-]{subsection.6.2}{\376\377\000i\000n\000s\000t\000r\000u\000c\000t\000i\000o\000n\000\040\000d\000a\000t\000a\000\040\116\016\000\040\000s\000y\000n\000t\000h\000e\000t\000i\000c\000\040\000d\000a\000t\000a\000\040\135\362\176\317\137\142\142\020\201\352\135\361\166\204\165\037\140\001}{section.6}% 23
\BOOKMARK [2][-]{subsection.6.3}{\376\377\147\054\172\340\134\017\176\323}{section.6}% 24
\BOOKMARK [1][-]{section.7}{\376\377\140\073\176\323\116\016\136\366\117\070}{}% 25
