\BOOKMARK [1][-]{section.1}{\376\377\116\072\116\300\116\110\213\355\212\000\152\041\127\213\145\366\116\343\137\305\230\173\167\037\153\143\164\006\211\343\000\040\000G\000P\000U}{}% 1
\BOOKMARK [2][-]{subsection.1.1}{\376\377\116\072\116\300\116\110\000\040\000G\000P\000U\000\040\213\335\230\230\124\214\000\040\000C\000S\0003\0003\0006\000\040\116\073\176\277\131\051\161\066\116\000\201\364}{section.1}% 2
\BOOKMARK [2][-]{subsection.1.2}{\376\377\147\054\172\340\134\017\176\323}{section.1}% 3
\BOOKMARK [1][-]{section.2}{\376\377\000G\000P\000U\000\040\116\016\000\040\000C\000P\000U\000\040\166\204\135\356\122\053\377\032\124\036\124\020\147\072\126\150\200\014\116\015\146\057\117\116\136\366\217\337\147\072\126\150}{}% 4
\BOOKMARK [2][-]{subsection.2.1}{\376\377\000C\000P\000U\000\040\117\030\123\026\166\204\146\057\134\021\221\317\137\353\220\037\176\277\172\013\377\014\000G\000P\000U\000\040\117\030\123\026\166\204\146\057\155\167\221\317\136\166\210\114\176\277\172\013}{section.2}% 5
\BOOKMARK [2][-]{subsection.2.2}{\376\377\116\072\116\300\116\110\213\355\212\000\152\041\127\213\131\202\153\144\220\002\124\010\000\040\000G\000P\000U}{section.2}% 6
\BOOKMARK [2][-]{subsection.2.3}{\376\377\000S\000M\060\001\000t\000h\000r\000e\000a\000d\060\001\000b\000l\000o\000c\000k\060\001\000w\000a\000r\000p\377\032\116\072\116\300\116\110\000\040\000G\000P\000U\000\040\166\204\136\166\210\114\116\015\146\057\040\034\145\340\226\120\124\014\145\366\040\035}{section.2}% 7
\BOOKMARK [2][-]{subsection.2.4}{\376\377\147\054\172\340\134\017\176\323}{section.2}% 8
\BOOKMARK [1][-]{section.3}{\376\377\000G\000P\000U\000\040\116\072\116\300\116\110\117\032\141\142\377\032\000m\000e\000m\000o\000r\000y\000\040\000h\000i\000e\000r\000a\000r\000c\000h\000y\000\040\116\016\000\040\000m\000e\000m\000o\000r\000y\000\040\000w\000a\000l\000l}{}% 9
\BOOKMARK [2][-]{subsection.3.1}{\376\377\215\212\227\140\217\321\213\241\173\227\123\125\121\103\166\204\133\130\120\250\215\212\137\353\377\014\116\137\215\212\215\065}{section.3}% 10
\BOOKMARK [2][-]{subsection.3.2}{\376\377\167\037\153\143\226\120\122\066\131\047\152\041\127\213\174\373\176\337\220\037\136\246\166\204\377\014\136\070\136\070\116\015\146\057\173\227\116\015\122\250\377\014\200\014\146\057\125\202\116\015\231\161}{section.3}% 11
\BOOKMARK [2][-]{subsection.3.3}{\376\377\000T\000P\000U\000\040\116\072\116\300\116\110\127\050\232\330\134\102\116\012\124\214\000\040\000G\000P\000U\000\040\137\210\120\317}{section.3}% 12
\BOOKMARK [2][-]{subsection.3.4}{\376\377\147\054\172\340\134\017\176\323}{section.3}% 13
\BOOKMARK [1][-]{section.4}{\376\377\140\016\150\067\213\251\000\040\000G\000P\000U\000\040\167\037\153\143\215\321\137\353\377\032\121\155\171\315\136\070\211\301\140\035\215\357}{}% 14
\BOOKMARK [2][-]{subsection.4.1}{\376\377\143\247\122\066\122\006\145\057\123\321\145\143\377\032\000S\000I\000M\000T\000\040\166\204\173\054\116\000\147\141\176\252\137\213}{section.4}% 15
\BOOKMARK [2][-]{subsection.4.2}{\376\377\117\116\174\276\136\246\213\241\173\227\377\032\121\110\116\316\134\021\144\054\116\000\160\271\145\160\143\156\137\000\131\313}{section.4}% 16
\BOOKMARK [2][-]{subsection.4.3}{\376\377\000o\000p\000e\000r\000a\000t\000o\000r\000\040\000f\000u\000s\000i\000o\000n\377\032\122\053\142\212\116\055\225\364\176\323\147\234\147\145\126\336\217\320\147\145\217\320\123\273}{section.4}% 17
\BOOKMARK [2][-]{subsection.4.4}{\376\377\000r\000e\000c\000o\000m\000p\000u\000t\000a\000t\000i\000o\000n\377\032\147\011\145\366\131\032\173\227\116\000\160\271\123\315\200\014\146\364\137\353}{section.4}% 18
\BOOKMARK [2][-]{subsection.4.5}{\376\377\000m\000e\000m\000o\000r\000y\000\040\000c\000o\000a\000l\000e\000s\000c\000i\000n\000g\377\032\116\072\116\300\116\110\217\336\176\355\133\371\237\120\213\277\225\356\220\243\116\110\221\315\211\201}{section.4}% 19
\BOOKMARK [2][-]{subsection.4.6}{\376\377\000t\000i\000l\000i\000n\000g\377\032\217\331\213\262\167\037\153\143\166\204\131\047\142\333}{section.4}% 20
\BOOKMARK [2][-]{subsection.4.7}{\376\377\147\054\172\340\134\017\176\323}{section.4}% 21
\BOOKMARK [1][-]{section.5}{\376\377\116\316\167\351\226\065\116\130\154\325\122\060\000\040\000F\000l\000a\000s\000h\000A\000t\000t\000e\000n\000t\000i\000o\000n\377\032\000G\000P\000U\000\040\166\364\211\311\131\202\117\125\204\075\122\060\167\037\133\236\000\040\000L\000M\000\040\000k\000e\000r\000n\000e\000l}{}% 22
\BOOKMARK [2][-]{subsection.5.1}{\376\377\116\072\116\300\116\110\217\331\213\262\147\000\124\016\211\201\126\336\122\060\167\351\226\065\116\130\154\325\116\113\214\034}{section.5}% 23
\BOOKMARK [2][-]{subsection.5.2}{\376\377\000F\000l\000a\000s\000h\000A\000t\000t\000e\000n\000t\000i\000o\000n\000\040\166\204\141\017\116\111\377\032\213\251\000\040\000a\000t\000t\000e\000n\000t\000i\000o\000n\000\040\146\364\120\317\170\154\116\366\141\077\141\017\143\245\123\327\166\204\167\351\226\065\172\013\136\217}{section.5}% 24
\BOOKMARK [2][-]{subsection.5.3}{\376\377\147\054\172\340\134\017\176\323}{section.5}% 25
\BOOKMARK [1][-]{section.6}{\376\377\140\073\176\323\116\016\136\366\117\070}{}% 26
