\BOOKMARK [1][-]{section.1}{\376\377\116\072\116\300\116\110\000\040\000b\000a\000s\000e\000\040\000m\000o\000d\000e\000l\000\040\137\210\137\072\377\014\123\164\217\330\116\015\146\057\116\000\116\052\131\175\122\251\142\113}{}% 1
\BOOKMARK [2][-]{subsection.1.1}{\376\377\173\054\000\040\0001\0005\000\040\213\262\167\037\153\143\121\163\137\303\166\204\146\057\040\034\143\247\122\066\040\035}{section.1}% 2
\BOOKMARK [2][-]{subsection.1.2}{\376\377\147\054\172\340\134\017\176\323}{section.1}% 3
\BOOKMARK [1][-]{section.2}{\376\377\116\072\116\300\116\110\116\015\123\352\120\132\000\040\000S\000F\000T\377\032\126\340\116\072\040\034\140\363\211\201\166\204\210\114\116\072\040\035\137\200\137\200\146\364\133\271\146\023\210\253\153\324\217\203\377\014\200\014\116\015\146\057\210\253\171\072\203\003}{}% 4
\BOOKMARK [2][-]{subsection.2.1}{\376\377\000W\000h\000y\000\040\000o\000p\000t\000i\000m\000i\000z\000e\377\032\213\376\172\013\121\166\133\236\176\331\116\206\116\000\116\052\137\210\163\260\133\236\166\204\142\020\147\054\213\272\213\301}{section.2}% 5
\BOOKMARK [2][-]{subsection.2.2}{\376\377\000G\000-\000V\000\040\000g\000a\000p\377\032\116\272\174\173\120\117\131\175\136\166\116\015\173\111\116\216\116\272\174\173\117\032\166\364\143\245\121\231\121\372\120\117\131\175\147\000\117\030\173\124\150\110}{section.2}% 6
\BOOKMARK [1][-]{section.3}{\376\377\000S\000F\000T\000\040\145\160\143\156\221\314\122\060\136\225\210\305\116\206\116\300\116\110\377\032\173\124\150\110\060\001\230\316\150\074\060\001\150\074\137\017\116\016\133\211\121\150\217\271\165\114}{}% 7
\BOOKMARK [2][-]{subsection.3.1}{\376\377\000i\000n\000s\000t\000r\000u\000c\000t\000i\000o\000n\000\040\000d\000a\000t\000a\000\040\116\015\123\352\146\057\116\373\122\241\173\124\150\110}{section.3}% 8
\BOOKMARK [2][-]{subsection.3.2}{\376\377\210\114\116\072\122\006\136\003\142\115\146\057\000\040\000S\000F\000T\000\040\167\037\153\143\145\071\121\231\166\204\133\371\214\141}{section.3}% 9
\BOOKMARK [2][-]{subsection.3.3}{\376\377\147\054\172\340\134\017\176\323}{section.3}% 10
\BOOKMARK [1][-]{section.4}{\376\377\000S\000F\000T\000\040\116\015\146\057\121\115\215\071\167\345\213\306\154\350\121\145\377\032\167\345\213\306\143\320\123\326\116\016\116\213\133\236\140\047\225\356\230\230}{}% 11
\BOOKMARK [2][-]{subsection.4.1}{\376\377\116\072\116\300\116\110\040\034\142\212\116\015\117\032\166\204\116\213\133\236\142\377\123\273\137\256\214\003\040\035\123\357\200\375\123\315\200\014\123\330\174\337}{section.4}% 12
\BOOKMARK [2][-]{subsection.4.2}{\376\377\116\072\116\300\116\110\213\376\172\013\213\364\000\040\000k\000n\000o\000w\000l\000e\000d\000g\000e\000\040\000e\000x\000t\000r\000a\000c\000t\000i\000o\000n\000\040\146\057\000\040\000m\000e\000s\000s\000y\000\040\166\204}{section.4}% 13
\BOOKMARK [2][-]{subsection.4.3}{\376\377\147\054\172\340\134\017\176\323}{section.4}% 14
\BOOKMARK [1][-]{section.5}{\376\377\000R\000L\000H\000F\000\040\145\160\143\156\136\166\116\015\146\057\040\034\142\176\116\272\160\271\160\271\125\234\153\042\040\035\220\243\116\110\173\200\123\125}{}% 15
\BOOKMARK [2][-]{subsection.5.1}{\376\377\117\027\123\005\060\001\000a\000n\000n\000o\000t\000a\000t\000o\000r\000\040\000s\000e\000l\000e\000c\000t\000i\000o\000n\000\040\124\214\116\272\123\343\133\146\120\117\135\356\220\375\117\032\217\333\121\145\152\041\127\213}{section.5}% 16
\BOOKMARK [2][-]{subsection.5.2}{\376\377\000A\000I\000\040\000f\000e\000e\000d\000b\000a\000c\000k\000\040\124\214\000\040\000s\000e\000l\000f\000-\000t\000r\000a\000i\000n\000i\000n\000g\000\040\135\362\176\317\217\333\121\145\116\073\155\101\145\160\143\156\173\241\176\277}{section.5}% 17
\BOOKMARK [2][-]{subsection.5.3}{\376\377\000l\000e\000n\000g\000t\000h\000\040\000e\000f\000f\000e\000c\000t\000s\000\040\116\072\116\300\116\110\127\050\000\040\000R\000L\000H\000F\000\040\221\314\162\171\122\053\123\161\226\151}{section.5}% 18
\BOOKMARK [2][-]{subsection.5.4}{\376\377\147\054\172\340\134\017\176\323}{section.5}% 19
\BOOKMARK [1][-]{section.6}{\376\377\133\211\121\150\214\003\117\030\116\016\217\307\136\246\142\322\176\335\377\032\134\021\221\317\145\160\143\156\134\061\200\375\131\047\136\105\145\071\152\041\127\213\210\114\116\072}{}% 20
\BOOKMARK [2][-]{subsection.6.1}{\376\377\116\072\116\300\116\110\000\040\000s\000a\000f\000e\000t\000y\000-\000t\000u\000n\000i\000n\000g\000\040\145\110\147\234\117\032\217\331\116\110\137\072}{section.6}% 21
\BOOKMARK [2][-]{subsection.6.2}{\376\377\117\106\133\211\121\150\145\160\143\156\131\052\131\032\116\137\117\032\137\025\121\372\000\040\000o\000v\000e\000r\000-\000r\000e\000f\000u\000s\000a\000l}{section.6}% 22
\BOOKMARK [2][-]{subsection.6.3}{\376\377\147\054\172\340\134\017\176\323}{section.6}% 23
\BOOKMARK [1][-]{section.7}{\376\377\116\316\000\040\000i\000m\000i\000t\000a\000t\000i\000o\000n\000\040\122\060\000\040\000p\000r\000e\000f\000e\000r\000e\000n\000c\000e\000\040\000o\000p\000t\000i\000m\000i\000z\000a\000t\000i\000o\000n\377\032\116\072\116\300\116\110\227\000\211\201\000\040\000R\000L\000H\000F}{}% 24
\BOOKMARK [2][-]{subsection.7.1}{\376\377\000S\000F\000T\000\040\211\343\121\263\116\015\116\206\142\100\147\011\120\117\131\175\225\356\230\230}{section.7}% 25
\BOOKMARK [2][-]{subsection.7.2}{\376\377\000R\000L\000H\000F\000\040\145\160\143\156\145\066\226\306\153\324\210\150\227\142\167\013\215\167\147\145\146\364\226\276}{section.7}% 26
\BOOKMARK [2][-]{subsection.7.3}{\376\377\147\054\172\340\134\017\176\323}{section.7}% 27
\BOOKMARK [1][-]{section.8}{\376\377\000P\000P\000O\060\001\000D\000P\000O\000\040\116\016\000\040\000R\000L\000H\000F\000\040\166\204\122\157\117\134\165\050}{}% 28
\BOOKMARK [2][-]{subsection.8.1}{\376\377\000P\000P\000O\000\040\146\057\123\237\131\313\215\357\176\277\377\014\000D\000P\000O\000\040\146\057\146\364\146\023\165\050\166\204\217\321\116\343\215\357\176\277}{section.8}% 29
\BOOKMARK [2][-]{subsection.8.2}{\376\377\133\371\237\120\116\015\117\032\166\175\142\377\377\032\217\307\117\030\123\026\116\016\152\041\137\017\127\115\177\051\116\315\161\066\133\130\127\050}{section.8}% 30
\BOOKMARK [2][-]{subsection.8.3}{\376\377\147\054\172\340\134\017\176\323}{section.8}% 31
\BOOKMARK [1][-]{section.9}{\376\377\142\212\000\040\000i\000n\000s\000t\000r\000u\000c\000t\000i\000o\000n\000\040\000t\000u\000n\000i\000n\000g\000\040\155\367\126\336\000\040\000p\000r\000e\000t\000r\000a\000i\000n\000i\000n\000g\377\032\000t\000w\000o\000-\000p\000h\000a\000s\000e\000\040\000t\000r\000a\000i\000n\000i\000n\000g\000\040\166\204\167\037\153\143\124\053\116\111}{}% 32
\BOOKMARK [2][-]{subsection.9.1}{\376\377\116\072\116\300\116\110\213\376\172\013\117\032\127\050\000\040\000S\000F\000T\000\040\213\262\122\060\116\000\123\112\172\201\161\066\123\310\143\320\000\040\000p\000r\000e\000t\000r\000a\000i\000n\000i\000n\000g}{section.9}% 33
\BOOKMARK [2][-]{subsection.9.2}{\376\377\116\072\116\300\116\110\217\331\124\214\122\115\227\142\145\160\143\156\213\376\146\057\217\336\167\100\166\204}{section.9}% 34
\BOOKMARK [2][-]{subsection.9.3}{\376\377\147\054\172\340\134\017\176\323}{section.9}% 35
\BOOKMARK [1][-]{section.10}{\376\377\140\073\176\323\116\016\136\366\117\070}{}% 36
