\BOOKMARK [1][-]{section.1}{\376\377\116\072\116\300\116\110\211\201\127\050\000\040\0002\0000\0002\0005\000\040\136\164\217\330\213\262\116\000\225\350\040\034\116\316\226\366\147\204\136\372\213\355\212\000\152\041\127\213\040\035\166\204\213\376}{}% 1
\BOOKMARK [2][-]{subsection.1.1}{\376\377\137\000\127\072\116\015\146\057\133\322\146\204\377\014\200\014\146\057\127\050\121\154\137\000\217\331\225\350\213\376\166\204\172\313\127\072}{section.1}% 2
\BOOKMARK [2][-]{subsection.1.2}{\376\377\167\037\153\143\166\204\225\356\230\230\377\032\170\024\172\166\200\005\116\016\136\225\134\102\142\200\147\057\150\010\153\143\127\050\201\061\202\202}{section.1}% 3
\BOOKMARK [2][-]{subsection.1.3}{\376\377\135\345\116\032\123\026\213\251\040\034\164\006\211\343\040\035\123\330\137\227\153\324\040\034\214\003\165\050\040\035\146\364\226\276}{section.1}% 4
\BOOKMARK [2][-]{subsection.1.4}{\376\377\134\017\152\041\127\213\116\015\173\111\116\216\131\047\152\041\127\213\377\014\117\106\116\315\161\066\147\011\116\011\174\173\167\345\213\306\120\074\137\227\217\301\171\373}{section.1}% 5
\BOOKMARK [2][-]{subsection.1.5}{\376\377\116\072\116\300\116\110\040\034\000M\000o\000r\000e\000\040\000i\000s\000\040\000d\000i\000f\000f\000e\000r\000e\000n\000t\040\035\116\015\146\057\116\000\123\345\123\343\123\367}{section.1}% 6
\BOOKMARK [2][-]{subsection.1.6}{\376\377\166\364\211\311\136\166\116\015\140\073\200\375\210\253\164\006\213\272\211\343\221\312\377\032\000S\000w\000i\000G\000L\000U\000\040\116\016\000\040\000b\000i\000t\000t\000e\000r\000\040\000l\000e\000s\000s\000o\000n}{section.1}% 7
\BOOKMARK [2][-]{subsection.1.7}{\376\377\147\054\172\340\134\017\176\323}{section.1}% 8
\BOOKMARK [1][-]{section.2}{\376\377\145\110\163\207\116\026\165\114\211\302\377\032\217\331\225\350\213\376\167\037\153\143\213\255\176\303\166\204\146\057\120\132\213\276\213\241\121\263\173\126\166\204\200\375\122\233}{}% 9
\BOOKMARK [2][-]{subsection.2.1}{\376\377\213\376\172\013\136\166\116\015\142\212\145\110\163\207\211\306\116\072\116\000\116\052\124\016\131\004\164\006\225\356\230\230}{section.2}% 10
\BOOKMARK [2][-]{subsection.2.2}{\376\377\213\276\213\241\121\263\173\126\127\060\126\376\377\032\116\072\116\300\116\110\000\040\000C\000S\0003\0003\0006\000\040\116\015\146\057\202\345\136\162\116\023\230\230\142\374\166\330}{section.2}% 11
\BOOKMARK [2][-]{subsection.2.3}{\376\377\124\016\176\355\213\376\172\013\127\060\126\376\377\032\0001\0007\000\040\213\262\127\050\145\164\117\123\116\012\122\006\122\053\215\037\215\043\116\300\116\110}{section.2}% 12
\BOOKMARK [2][-]{subsection.2.4}{\376\377\116\072\116\300\116\110\217\331\225\350\213\376\117\032\227\136\136\070\221\315\377\032\126\340\116\072\133\203\142\212\170\024\172\166\135\345\172\013\200\214\200\211\137\123\142\020\116\073\211\201\213\255\176\303\166\356\150\007}{section.2}% 13
\BOOKMARK [2][-]{subsection.2.5}{\376\377\147\054\172\340\134\017\176\323}{section.2}% 14
\BOOKMARK [1][-]{section.3}{\376\377\123\206\123\362\157\024\123\026\116\016\137\000\145\076\140\047\150\074\134\100\377\032\217\331\225\350\213\376\172\331\127\050\116\300\116\110\145\366\225\364\160\271\116\012}{}% 15
\BOOKMARK [2][-]{subsection.3.1}{\376\377\116\316\000\040\000S\000h\000a\000n\000n\000o\000n\000\040\122\060\000\040\000T\000r\000a\000n\000s\000f\000o\000r\000m\000e\000r\377\032\213\355\212\000\136\372\152\041\225\356\230\230\146\057\140\016\150\067\137\142\142\020\166\204}{section.3}% 16
\BOOKMARK [2][-]{subsection.3.2}{\376\377\116\072\116\300\116\110\040\034\142\151\211\304\152\041\040\035\117\032\145\071\121\231\145\164\116\052\170\024\172\166\203\003\137\017}{section.3}% 17
\BOOKMARK [2][-]{subsection.3.3}{\376\377\137\000\145\076\140\047\116\015\146\057\116\214\121\103\123\330\221\317\377\014\200\014\146\057\116\000\147\141\217\336\176\355\214\061}{section.3}% 18
\BOOKMARK [2][-]{subsection.3.4}{\376\377\040\034\116\312\131\051\166\204\000\040\000f\000r\000o\000n\000t\000i\000e\000r\000\040\000m\000o\000d\000e\000l\000s\040\035\000\040\146\057\213\376\172\013\145\366\160\271\166\204\137\353\161\147\377\014\200\014\116\015\146\057\154\070\140\122\176\323\213\272}{section.3}% 19
\BOOKMARK [2][-]{subsection.3.5}{\376\377\147\054\172\340\134\017\176\323}{section.3}% 20
\BOOKMARK [1][-]{section.4}{\376\377\000T\000o\000k\000e\000n\000i\000z\000a\000t\000i\000o\000n\377\032\145\164\147\141\155\101\154\064\176\277\221\314\166\204\173\054\116\000\116\052\121\167\117\123\213\276\213\241\121\263\173\126}{}% 21
\BOOKMARK [2][-]{subsection.4.1}{\376\377\000T\000o\000k\000e\000n\000i\000z\000e\000r\000\040\166\204\200\114\215\043\377\032\127\050\133\127\173\046\116\062\116\016\171\273\145\143\136\217\122\027\116\113\225\364\144\055\150\145}{section.4}% 22
\BOOKMARK [2][-]{subsection.4.2}{\376\377\116\072\116\300\116\110\217\331\225\350\213\376\116\316\000\040\000B\000P\000E\000\040\137\000\131\313\377\014\200\014\116\015\146\057\166\364\143\245\217\375\154\102\000\040\000t\000o\000k\000e\000n\000i\000z\000e\000r\000-\000f\000r\000e\000e\000\040\166\204\117\030\226\305}{section.4}% 23
\BOOKMARK [2][-]{subsection.4.3}{\376\377\211\306\230\221\221\314\166\204\000\040\000t\000o\000k\000e\000n\000i\000z\000a\000t\000i\000o\000n\000\040\153\265\204\075\377\014\121\166\133\236\135\362\176\317\127\050\230\204\157\024\124\016\227\142\145\164\225\350\213\376}{section.4}% 24
\BOOKMARK [2][-]{subsection.4.4}{\376\377\000T\000o\000k\000e\000n\000i\000z\000a\000t\000i\000o\000n\000\040\116\015\146\057\133\144\172\313\230\204\131\004\164\006\377\014\133\203\117\032\145\071\123\330\124\016\176\355\142\100\147\011\152\041\127\127}{section.4}% 25
\BOOKMARK [2][-]{subsection.4.5}{\376\377\116\316\173\054\116\000\213\262\122\060\173\054\116\214\213\262\377\032\116\072\116\300\116\110\116\013\116\000\153\145\201\352\161\066\146\057\000\040\000P\000y\000T\000o\000r\000c\000h\000\040\116\016\215\104\156\220\150\070\173\227}{section.4}% 26
\BOOKMARK [2][-]{subsection.4.6}{\376\377\147\054\172\340\134\017\176\323}{section.4}% 27
\BOOKMARK [1][-]{section.5}{\376\377\140\073\176\323\116\016\136\366\117\070}{}% 28
