\BOOKMARK [1][-]{section.1}{\376\377\000D\000a\000t\000a\000\040\000I\000I\377\032\116\316\040\034\167\345\220\123\145\160\143\156\221\315\211\201\040\035\122\060\040\034\167\037\166\204\117\032\173\133\060\001\117\032\220\011\060\001\117\032\123\273\221\315\040\035}{}% 1
\BOOKMARK [2][-]{subsection.1.1}{\376\377\213\376\172\013\116\072\116\300\116\110\211\201\123\125\162\354\213\262\173\227\154\325\135\345\121\167}{section.1}% 2
\BOOKMARK [2][-]{subsection.1.2}{\376\377\147\054\172\340\134\017\176\323}{section.1}% 3
\BOOKMARK [1][-]{section.2}{\376\377\000K\000e\000n\000L\000M\000\040\116\016\000\040\000C\000C\000N\000e\000t\377\032\165\050\000\040\000n\000-\000g\000r\000a\000m\000\040\213\355\212\000\152\041\127\213\120\132\137\353\220\037\215\050\221\317\217\307\156\344}{}% 4
\BOOKMARK [2][-]{subsection.2.1}{\376\377\116\072\116\300\116\110\213\376\172\013\121\110\213\262\147\000\173\200\123\125\166\204\152\041\127\213}{section.2}% 5
\BOOKMARK [2][-]{subsection.2.2}{\376\377\000C\000C\000N\000e\000t\000\040\166\204\121\163\225\056\140\035\140\363\377\032\117\335\165\131\040\034\167\013\215\167\147\145\120\317\232\330\215\050\221\317\213\355\145\231\040\035\166\204\145\207\150\143}{section.2}% 6
\BOOKMARK [2][-]{subsection.2.3}{\376\377\147\054\172\340\134\017\176\323}{section.2}% 7
\BOOKMARK [1][-]{section.3}{\376\377\000f\000a\000s\000t\000T\000e\000x\000t\000\040\116\016\000\040\000D\000S\000I\000R\377\032\116\316\122\006\174\173\122\060\122\006\136\003\123\071\221\115}{}% 8
\BOOKMARK [2][-]{subsection.3.1}{\376\377\000f\000a\000s\000t\000T\000e\000x\000t\377\032\165\050\176\277\140\047\122\006\174\173\126\150\133\146\040\034\116\300\116\110\120\317\166\356\150\007\145\160\143\156\040\035}{section.3}% 9
\BOOKMARK [2][-]{subsection.3.2}{\376\377\116\072\116\300\116\110\000\040\000f\000a\000s\000t\000T\000e\000x\000t\000\040\153\324\147\064\175\040\000\040\000b\000a\000g\000-\000o\000f\000-\000w\000o\000r\000d\000s\000\040\146\364\220\002\124\010\155\167\221\317\213\355\145\231}{section.3}% 10
\BOOKMARK [2][-]{subsection.3.3}{\376\377\000D\000S\000I\000R\377\032\116\015\123\352\167\013\120\317\116\015\120\317\166\356\150\007\377\014\217\330\167\013\123\237\131\313\122\006\136\003\147\011\131\032\116\015\124\014}{section.3}% 11
\BOOKMARK [2][-]{subsection.3.4}{\376\377\116\072\116\300\116\110\213\376\172\013\142\212\000\040\000f\000a\000s\000t\000T\000e\000x\000t\000\040\124\214\000\040\000D\000S\000I\000R\000\040\145\076\127\050\116\000\215\167\213\262}{section.3}% 12
\BOOKMARK [2][-]{subsection.3.5}{\376\377\116\316\000\040\000O\000p\000e\000n\000M\000a\000t\000h\000T\000e\000x\000t\000\040\122\060\000\040\000p\000h\000i\000-\0001\377\032\000t\000a\000r\000g\000e\000t\000\040\133\232\116\111\121\263\133\232\217\307\156\344\126\150\117\032\120\117\124\021\116\300\116\110}{section.3}% 13
\BOOKMARK [2][-]{subsection.3.6}{\376\377\147\054\172\340\134\017\176\323}{section.3}% 14
\BOOKMARK [1][-]{section.4}{\376\377\124\014\116\000\131\127\135\345\121\167\123\357\116\345\147\015\122\241\137\210\131\032\116\373\122\241\377\032\213\355\212\000\213\306\122\053\060\001\215\050\221\317\217\307\156\344\060\001\153\322\140\047\143\247\122\066}{}% 15
\BOOKMARK [2][-]{subsection.4.1}{\376\377\213\376\172\013\116\072\116\300\116\110\137\072\214\003\040\034\121\110\176\337\116\000\150\106\147\266\377\014\121\215\214\010\136\224\165\050\040\035}{section.4}% 16
\BOOKMARK [2][-]{subsection.4.2}{\376\377\166\356\150\007\133\232\116\111\147\054\216\253\134\061\146\057\116\367\120\074\122\044\145\255}{section.4}% 17
\BOOKMARK [2][-]{subsection.4.3}{\376\377\147\054\172\340\134\017\176\323}{section.4}% 18
\BOOKMARK [1][-]{section.5}{\376\377\123\273\221\315\116\015\146\057\226\104\134\136\135\345\117\134\377\014\200\014\146\057\176\277\140\047\211\304\152\041\213\255\176\303\166\204\137\305\211\201\147\141\116\366}{}% 19
\BOOKMARK [2][-]{subsection.5.1}{\376\377\116\072\116\300\116\110\221\315\131\015\145\160\143\156\117\032\174\373\176\337\140\047\117\044\133\263\213\255\176\303}{section.5}% 20
\BOOKMARK [2][-]{subsection.5.2}{\376\377\116\316\000\040\000e\000x\000a\000c\000t\000\040\000d\000u\000p\000l\000i\000c\000a\000t\000e\000s\000\040\122\060\000\040\000n\000e\000a\000r\000\040\000d\000u\000p\000l\000i\000c\000a\000t\000e\000s}{section.5}% 21
\BOOKMARK [2][-]{subsection.5.3}{\376\377\000B\000l\000o\000o\000m\000\040\000f\000i\000l\000t\000e\000r\060\001\000M\000i\000n\000H\000a\000s\000h\000\040\116\016\000\040\000L\000S\000H\000\040\116\072\116\300\116\110\200\375\127\050\176\277\140\047\145\366\225\364\221\314\135\345\117\134}{section.5}% 22
\BOOKMARK [2][-]{subsection.5.4}{\376\377\000B\000l\000o\000o\000m\000\040\000f\000i\000l\000t\000e\000r\000\040\146\057\123\273\221\315\155\101\154\064\176\277\221\314\166\204\117\116\142\020\147\054\225\350\123\153}{section.5}% 23
\BOOKMARK [2][-]{subsection.5.5}{\376\377\000L\000S\000H\000\040\166\204\000\040\000b\000a\000n\000d\000\040\123\302\145\160\377\014\121\166\133\236\134\061\146\057\127\050\214\003\116\000\147\141\040\034\226\010\120\074\000\040\000S\000\040\146\362\176\277\040\035}{section.5}% 24
\BOOKMARK [2][-]{subsection.5.6}{\376\377\147\054\172\340\134\017\176\323}{section.5}% 25
\BOOKMARK [1][-]{section.6}{\376\377\140\073\176\323\116\016\136\366\117\070}{}% 26
