\BOOKMARK [1][-]{section.1}{\376\377\143\250\164\006\174\373\176\337\377\032\116\072\116\300\116\110\040\034\152\041\127\213\213\255\133\214\116\206\040\035\142\115\122\032\122\032\137\000\131\313}{}% 1
\BOOKMARK [2][-]{subsection.1.1}{\376\377\143\250\164\006\146\057\116\247\124\301\060\001\213\304\155\113\124\214\000\040\000R\000L\000\040\166\204\121\161\124\014\136\225\136\247}{section.1}% 2
\BOOKMARK [2][-]{subsection.1.2}{\376\377\116\011\116\052\143\007\150\007\377\032\000T\000T\000F\000T\060\001\000l\000a\000t\000e\000n\000c\000y\000\040\124\214\000\040\000t\000h\000r\000o\000u\000g\000h\000p\000u\000t}{section.1}% 3
\BOOKMARK [2][-]{subsection.1.3}{\376\377\147\054\172\340\134\017\176\323}{section.1}% 4
\BOOKMARK [1][-]{section.2}{\376\377\116\072\116\300\116\110\143\250\164\006\117\032\123\330\142\020\000\040\000m\000e\000m\000o\000r\000y\000-\000b\000o\000u\000n\000d\377\032\000P\000r\000e\000f\000i\000l\000l\000\040\116\016\000\040\000D\000e\000c\000o\000d\000e\000\040\166\204\122\006\210\302}{}% 5
\BOOKMARK [2][-]{subsection.2.1}{\376\377\213\255\176\303\124\214\143\250\164\006\147\000\131\047\166\204\135\356\122\053\146\057\136\166\210\114\145\271\137\017}{section.2}% 6
\BOOKMARK [2][-]{subsection.2.2}{\376\377\213\376\172\013\116\072\116\300\116\110\211\201\116\316\167\351\226\065\116\130\221\315\145\260\173\227\116\000\220\115\000\040\000a\000r\000i\000t\000h\000m\000e\000t\000i\000c\000\040\000i\000n\000t\000e\000n\000s\000i\000t\000y}{section.2}% 7
\BOOKMARK [2][-]{subsection.2.3}{\376\377\116\072\116\300\116\110\000\040\000M\000L\000P\000\040\124\214\000\040\000a\000t\000t\000e\000n\000t\000i\000o\000n\000\040\127\050\000\040\000d\000e\000c\000o\000d\000e\000\040\226\066\153\265\220\375\226\276\123\327}{section.2}% 8
\BOOKMARK [2][-]{subsection.2.4}{\376\377\000M\000L\000P\000\040\137\072\136\246\217\321\117\074\146\057\000\040\000B\000T\377\014\000a\000t\000t\000e\000n\000t\000i\000o\000n\000\040\127\050\000\040\000g\000e\000n\000e\000r\000a\000t\000i\000o\000n\000\040\221\314\123\164\127\372\147\054\123\141\153\173\127\050\136\070\145\160\176\247}{section.2}% 9
\BOOKMARK [2][-]{subsection.2.5}{\376\377\000K\000V\000\040\000c\000a\000c\000h\000e\000\040\116\072\116\300\116\110\116\316\117\030\123\026\142\200\135\347\123\330\142\020\116\055\137\303\133\371\214\141}{section.2}% 10
\BOOKMARK [2][-]{subsection.2.6}{\376\377\213\376\172\013\116\072\116\300\116\110\217\330\211\201\142\377\000\040\000L\000l\000a\000m\000a\000\040\0002\000\040\0001\0003\000B\000\040\000o\000n\000\040\000H\0001\0000\0000\000\040\173\227\116\000\220\115\215\046}{section.2}% 11
\BOOKMARK [2][-]{subsection.2.7}{\376\377\147\054\172\340\134\017\176\323}{section.2}% 12
\BOOKMARK [1][-]{section.3}{\376\377\121\110\121\317\134\017\000\040\000K\000V\000\040\000c\000a\000c\000h\000e\377\032\000G\000Q\000A\060\001\000M\000L\000A\060\001\000C\000L\000A\000\040\116\016\134\100\220\350\154\350\141\017\122\233}{}% 13
\BOOKMARK [2][-]{subsection.3.1}{\376\377\000G\000Q\000A\377\032\116\015\146\057\142\100\147\011\000\040\000q\000u\000e\000r\000y\000\040\220\375\227\000\211\201\162\354\172\313\166\204\000\040\000K\000/\000V\000\040\131\064}{section.3}% 14
\BOOKMARK [2][-]{subsection.3.2}{\376\377\000M\000L\000A\000\040\124\214\000\040\000C\000L\000A\377\032\217\333\116\000\153\145\123\213\177\051\124\214\121\161\116\253\177\023\133\130}{section.3}% 15
\BOOKMARK [2][-]{subsection.3.3}{\376\377\134\100\220\350\154\350\141\017\122\233\124\214\162\266\140\001\172\172\225\364\152\041\127\213\377\032\137\173\136\225\145\071\123\330\123\206\123\362\117\341\140\157\166\204\210\150\171\072\145\271\137\017}{section.3}% 16
\BOOKMARK [2][-]{subsection.3.4}{\376\377\147\054\172\340\134\017\176\323}{section.3}% 17
\BOOKMARK [1][-]{section.4}{\376\377\121\215\121\317\134\017\145\160\133\127\142\020\147\054\377\032\221\317\123\026\060\001\122\152\147\235\116\016\204\270\231\217}{}% 18
\BOOKMARK [2][-]{subsection.4.1}{\376\377\143\250\164\006\146\057\000\040\000m\000e\000m\000o\000r\000y\000-\000b\000o\000u\000n\000d\377\014\142\100\116\345\117\116\153\324\162\171\137\210\201\352\161\066}{section.4}% 19
\BOOKMARK [2][-]{subsection.4.2}{\376\377\122\152\147\235\124\214\204\270\231\217\146\057\127\050\040\034\123\273\143\211\215\065\220\350\122\006\116\113\124\016\121\215\117\356\131\175\152\041\127\213\040\035}{section.4}% 20
\BOOKMARK [2][-]{subsection.4.3}{\376\377\147\054\172\340\134\017\176\323}{section.4}% 21
\BOOKMARK [1][-]{section.5}{\376\377\116\015\145\071\173\124\150\110\377\014\123\352\221\315\121\231\142\147\210\114\377\032\000S\000p\000e\000c\000u\000l\000a\000t\000i\000v\000e\000\040\000D\000e\000c\000o\000d\000i\000n\000g\000\040\116\016\122\250\140\001\214\003\136\246}{}% 22
\BOOKMARK [2][-]{subsection.5.1}{\376\377\000S\000p\000e\000c\000u\000l\000a\000t\000i\000v\000e\000\040\000d\000e\000c\000o\000d\000i\000n\000g\000\040\166\204\121\163\225\056\116\015\146\057\163\034\377\014\200\014\146\057\117\277\133\234\127\060\150\300\147\345}{section.5}% 23
\BOOKMARK [2][-]{subsection.5.2}{\376\377\167\037\133\236\176\277\116\012\155\101\221\317\116\015\146\057\145\164\237\120\167\351\226\065\377\014\200\014\146\057\170\064\170\064\160\302\160\302\166\204\000\040\000r\000a\000g\000g\000e\000d\000\040\000a\000r\000r\000a\000y}{section.5}% 24
\BOOKMARK [2][-]{subsection.5.3}{\376\377\000c\000o\000n\000t\000i\000n\000u\000o\000u\000s\000\040\000b\000a\000t\000c\000h\000i\000n\000g\000\040\124\214\000\040\000s\000e\000l\000e\000c\000t\000i\000v\000e\000\040\000b\000a\000t\000c\000h\000i\000n\000g\000\040\211\343\121\263\166\204\146\057\116\044\116\052\116\015\124\014\134\102\227\142}{section.5}% 25
\BOOKMARK [2][-]{subsection.5.4}{\376\377\000P\000a\000g\000e\000d\000A\000t\000t\000e\000n\000t\000i\000o\000n\377\032\142\212\000\040\000K\000V\000\040\000c\000a\000c\000h\000e\000\040\137\123\142\020\144\315\117\134\174\373\176\337\230\165\147\145\173\241\164\006}{section.5}% 26
\BOOKMARK [2][-]{subsection.5.5}{\376\377\147\054\172\340\134\017\176\323}{section.5}% 27
\BOOKMARK [1][-]{section.6}{\376\377\140\073\176\323\116\016\136\366\117\070}{}% 28
