\BOOKMARK [1][-]{section.1}{\376\377\217\331\213\262\122\060\136\225\127\050\126\336\173\124\116\300\116\110\225\356\230\230}{}% 1
\BOOKMARK [2][-]{subsection.1.1}{\376\377\217\331\213\262\116\072\116\300\116\110\116\015\217\375\154\102\040\034\133\214\177\216\164\006\213\272\211\343\221\312\040\035}{section.1}% 2
\BOOKMARK [2][-]{subsection.1.2}{\376\377\147\054\172\340\134\017\176\323}{section.1}% 3
\BOOKMARK [1][-]{section.2}{\376\377\163\260\116\343\000\040\000T\000r\000a\000n\000s\000f\000o\000r\000m\000e\000r\000\040\166\204\121\161\124\014\232\250\147\266\377\032\000L\000L\000a\000M\000A\000-\000l\000i\000k\000e\000\040\116\015\146\057\123\343\123\367\377\014\200\014\146\057\145\066\145\133\145\271\124\021}{}% 4
\BOOKMARK [2][-]{subsection.2.1}{\376\377\116\316\123\237\131\313\000\040\000T\000r\000a\000n\000s\000f\000o\000r\000m\000e\000r\000\040\122\060\040\034\173\200\123\125\163\260\116\343\123\330\117\123\040\035}{section.2}% 5
\BOOKMARK [2][-]{subsection.2.2}{\376\377\116\072\116\300\116\110\213\376\172\013\213\364\137\123\116\343\152\041\127\213\145\164\117\123\127\050\124\021\000\040\000L\000L\000a\000M\000A\000-\000l\000i\000k\000e\000\040\145\066\145\133}{section.2}% 6
\BOOKMARK [2][-]{subsection.2.3}{\376\377\147\054\172\340\134\017\176\323}{section.2}% 7
\BOOKMARK [1][-]{section.3}{\376\377\000N\000o\000r\000m\000\040\116\016\153\213\135\356\155\101\377\032\116\072\116\300\116\110\121\340\116\116\142\100\147\011\163\260\116\343\000\040\000L\000M\000\040\220\375\120\117\124\021\000\040\000p\000r\000e\000-\000n\000o\000r\000m}{}% 8
\BOOKMARK [2][-]{subsection.3.1}{\376\377\000p\000r\000e\000-\000n\000o\000r\000m\000\040\000v\000s\000\040\000p\000o\000s\000t\000-\000n\000o\000r\000m\377\032\217\331\123\357\200\375\146\057\137\123\116\343\147\000\137\072\121\161\213\306\116\113\116\000}{section.3}% 9
\BOOKMARK [2][-]{subsection.3.2}{\376\377\116\072\116\300\116\110\000\040\000p\000r\000e\000-\000n\000o\000r\000m\000\040\117\032\210\150\163\260\137\227\146\364\172\063}{section.3}% 10
\BOOKMARK [2][-]{subsection.3.3}{\376\377\000L\000a\000y\000e\000r\000N\000o\000r\000m\000\040\000v\000s\000\040\000R\000M\000S\000N\000o\000r\000m\377\032\163\260\116\343\152\041\127\213\116\072\116\300\116\110\120\117\124\021\124\016\200\005}{section.3}% 11
\BOOKMARK [2][-]{subsection.3.4}{\376\377\146\364\217\333\116\000\153\145\377\032\116\072\116\300\116\110\163\260\116\343\152\041\127\213\217\330\125\234\153\042\230\172\142\113\123\273\143\211\000\040\000b\000i\000a\000s}{section.3}% 12
\BOOKMARK [2][-]{subsection.3.5}{\376\377\147\054\172\340\134\017\176\323}{section.3}% 13
\BOOKMARK [1][-]{section.4}{\376\377\000F\000F\000N\000\040\116\016\157\300\155\073\121\375\145\160\377\032\116\072\116\300\116\110\163\260\116\343\152\041\127\213\120\117\162\061\000\040\000*\000G\000L\000U}{}% 14
\BOOKMARK [2][-]{subsection.4.1}{\376\377\000R\000e\000L\000U\060\001\000G\000e\000L\000U\060\001\000S\000w\000i\000G\000L\000U\000\040\116\015\146\057\124\014\116\000\134\102\227\142\166\204\220\011\142\351}{section.4}% 15
\BOOKMARK [2][-]{subsection.4.2}{\376\377\000G\000a\000t\000e\000d\000\040\000l\000i\000n\000e\000a\000r\000\040\000u\000n\000i\000t\000s\000\040\116\072\116\300\116\110\117\032\210\253\213\244\116\072\040\034\220\032\136\070\146\364\131\175\040\035}{section.4}% 16
\BOOKMARK [2][-]{subsection.4.3}{\376\377\116\072\116\300\116\110\000\040\000g\000a\000t\000e\000d\000\040\000F\000F\000N\000\040\166\204\176\364\136\246\153\324\117\213\117\032\123\330}{section.4}% 17
\BOOKMARK [2][-]{subsection.4.4}{\376\377\147\054\172\340\134\017\176\323}{section.4}% 18
\BOOKMARK [1][-]{section.5}{\376\377\000P\000o\000s\000i\000t\000i\000o\000n\000\040\000E\000m\000b\000e\000d\000d\000i\000n\000g\000s\060\001\215\205\123\302\145\160\116\016\172\063\133\232\140\047\377\032\124\352\116\233\146\057\121\161\213\306\377\014\124\352\116\233\123\352\146\057\176\317\232\214\166\306\127\060}{}% 19
\BOOKMARK [2][-]{subsection.5.1}{\376\377\117\115\177\156\177\026\170\001\116\072\116\300\116\110\147\000\176\310\131\047\131\032\123\310\145\066\145\133\122\060\000\040\000R\000o\000P\000E}{section.5}% 20
\BOOKMARK [2][-]{subsection.5.2}{\376\377\000F\000e\000e\000d\000f\000o\000r\000w\000a\000r\000d\000\040\000r\000a\000t\000i\000o\060\001\000h\000e\000a\000d\000\040\000d\000i\000m\060\001\000a\000s\000p\000e\000c\000t\000\040\000r\000a\000t\000i\000o\377\032\116\072\116\300\116\110\137\210\131\032\215\205\123\302\145\160\000\040\000s\000u\000r\000p\000r\000i\000s\000i\000n\000g\000l\000y\000\040\000b\000o\000r\000i\000n\000g}{section.5}% 21
\BOOKMARK [2][-]{subsection.5.3}{\376\377\000r\000e\000g\000u\000l\000a\000r\000i\000z\000a\000t\000i\000o\000n\000\040\116\016\000\040\000w\000e\000i\000g\000h\000t\000\040\000d\000e\000c\000a\000y\377\032\131\047\152\041\127\213\167\037\166\204\217\330\227\000\211\201\153\143\122\031\124\027}{section.5}% 22
\BOOKMARK [2][-]{subsection.5.4}{\376\377\172\063\133\232\140\047\142\200\135\347\377\032\000z\000-\000l\000o\000s\000s\060\001\000Q\000K\000\040\000n\000o\000r\000m\000\040\116\016\000\040\000s\000o\000f\000t\000-\000c\000a\000p\000p\000i\000n\000g}{section.5}% 23
\BOOKMARK [2][-]{subsection.5.5}{\376\377\000G\000Q\000A\000\040\000/\000\040\000M\000Q\000A\377\032\116\072\116\300\116\110\217\331\213\262\147\000\124\016\117\032\170\260\122\060\000\040\000a\000t\000t\000e\000n\000t\000i\000o\000n\000\040\000h\000e\000a\000d\000\040\142\020\147\054}{section.5}% 24
\BOOKMARK [2][-]{subsection.5.6}{\376\377\147\054\172\340\134\017\176\323}{section.5}% 25
\BOOKMARK [1][-]{section.6}{\376\377\140\073\176\323\116\016\136\366\117\070}{}% 26
