\BOOKMARK [1][-]{section.1}{\376\377\213\376\172\013\133\374\213\272\116\016\213\355\212\000\152\041\127\213\121\150\146\157}{}% 1
\BOOKMARK [2][-]{subsection.1.1}{\376\377\213\262\153\041\000\040\0001\377\032\116\072\116\300\116\110\211\201\116\316\226\366\147\204\136\372\213\355\212\000\152\041\127\213}{section.1}% 2
\BOOKMARK [2][-]{subsection.1.2}{\376\377\213\262\153\041\000\040\0001\377\032\116\316\213\376\172\013\127\060\126\376\167\013\145\164\147\141\000\040\000L\000M\000\040\155\101\154\064\176\277}{section.1}% 3
\BOOKMARK [2][-]{subsection.1.3}{\376\377\213\262\153\041\000\040\0001\377\032\000T\000o\000k\000e\000n\000i\000z\000a\000t\000i\000o\000n\000\040\116\072\116\300\116\110\116\315\161\066\146\057\137\305\211\201\116\113\140\166}{section.1}% 4
\BOOKMARK [2][-]{subsection.1.4}{\376\377\147\054\172\340\134\017\176\323}{section.1}% 5
\BOOKMARK [1][-]{section.2}{\376\377\135\345\172\013\215\167\160\271\377\032\000P\000y\000T\000o\000r\000c\000h\000\040\116\016\215\104\156\220\150\070\173\227}{}% 6
\BOOKMARK [2][-]{subsection.2.1}{\376\377\213\262\153\041\000\040\0002\377\032\116\072\116\300\116\110\215\104\156\220\150\070\173\227\146\057\213\355\212\000\152\041\127\213\135\345\172\013\166\204\215\167\160\271}{section.2}% 7
\BOOKMARK [2][-]{subsection.2.2}{\376\377\213\262\153\041\000\040\0002\377\032\174\276\136\246\060\001\146\076\133\130\116\016\000\040\000F\000L\000O\000P\000s}{section.2}% 8
\BOOKMARK [2][-]{subsection.2.3}{\376\377\213\262\153\041\000\040\0002\377\032\165\050\134\017\152\041\127\213\176\303\117\032\131\047\152\041\127\213\166\204\117\032\213\241\145\271\154\325}{section.2}% 9
\BOOKMARK [2][-]{subsection.2.4}{\376\377\147\054\172\340\134\017\176\323}{section.2}% 10
\BOOKMARK [1][-]{section.3}{\376\377\147\266\147\204\213\276\213\241\377\032\000T\000r\000a\000n\000s\000f\000o\000r\000m\000e\000r\000\040\123\312\121\166\123\330\117\123}{}% 11
\BOOKMARK [2][-]{subsection.3.1}{\376\377\213\262\153\041\000\040\0003\377\032\163\260\116\343\000\040\000T\000r\000a\000n\000s\000f\000o\000r\000m\000e\000r\000\040\166\204\121\161\124\014\232\250\147\266}{section.3}% 12
\BOOKMARK [2][-]{subsection.3.2}{\376\377\213\262\153\041\000\040\0003\377\032\000R\000M\000S\000N\000o\000r\000m\060\001\000S\000w\000i\000G\000L\000U\000\040\116\016\040\034\142\212\116\015\137\305\211\201\166\204\123\302\145\160\122\040\143\211\040\035}{section.3}% 13
\BOOKMARK [2][-]{subsection.3.3}{\376\377\213\262\153\041\000\040\0004\377\032\000M\000i\000x\000t\000u\000r\000e\000\040\000o\000f\000\040\000E\000x\000p\000e\000r\000t\000s\000\040\117\134\116\072\172\000\165\217\142\151\134\125}{section.3}% 14
\BOOKMARK [2][-]{subsection.3.4}{\376\377\147\054\172\340\134\017\176\323}{section.3}% 15
\BOOKMARK [1][-]{section.4}{\376\377\174\373\176\337\116\016\170\154\116\366\377\032\000G\000P\000U\060\001\000K\000e\000r\000n\000e\000l\000\040\116\016\136\166\210\114\213\255\176\303}{}% 16
\BOOKMARK [2][-]{subsection.4.1}{\376\377\213\262\153\041\000\040\0005\377\032\000G\000P\000U\000\040\116\015\146\057\233\124\154\325\377\014\200\014\146\057\124\036\124\020\133\374\124\021\166\204\147\072\126\150}{section.4}% 17
\BOOKMARK [2][-]{subsection.4.2}{\376\377\213\262\153\041\000\040\0006\377\032\000K\000e\000r\000n\000e\000l\000\040\117\030\123\026\166\204\116\055\137\303\116\373\122\241\146\057\143\320\232\330\173\227\147\057\137\072\136\246}{section.4}% 18
\BOOKMARK [2][-]{subsection.4.3}{\376\377\213\262\153\041\000\040\0007\377\032\136\166\210\114\213\255\176\303\166\204\147\054\215\050\146\057\142\212\145\160\143\156\060\001\123\302\145\160\116\016\162\266\140\001\122\006\137\000\122\007}{section.4}% 19
\BOOKMARK [2][-]{subsection.4.4}{\376\377\213\262\153\041\000\040\0008\377\032\000C\000o\000l\000l\000e\000c\000t\000i\000v\000e\000\040\000p\000r\000i\000m\000i\000t\000i\000v\000e\000s\000\040\116\016\000\040\000d\000i\000s\000t\000r\000i\000b\000u\000t\000e\000d\000\040\000t\000r\000a\000i\000n\000i\000n\000g\000\040\166\204\167\037\133\236\127\372\170\100}{section.4}% 20
\BOOKMARK [2][-]{subsection.4.5}{\376\377\147\054\172\340\134\017\176\323}{section.4}% 21
\BOOKMARK [1][-]{section.5}{\376\377\211\304\152\041\123\026\145\271\154\325\377\032\000S\000c\000a\000l\000i\000n\000g\000\040\000L\000a\000w\000s\000\040\116\016\213\255\176\303\121\263\173\126}{}% 22
\BOOKMARK [2][-]{subsection.5.1}{\376\377\213\262\153\041\000\040\0009\377\032\000S\000c\000a\000l\000i\000n\000g\000\040\000l\000a\000w\000s\000\040\116\072\116\300\116\110\221\315\211\201}{section.5}% 23
\BOOKMARK [2][-]{subsection.5.2}{\376\377\213\262\153\041\000\040\0009\377\032\116\316\176\317\232\214\211\304\137\213\122\060\213\255\176\303\121\263\173\126}{section.5}% 24
\BOOKMARK [2][-]{subsection.5.3}{\376\377\213\262\153\041\000\040\0001\0001\377\032\163\260\116\343\000\040\000s\000c\000a\000l\000i\000n\000g\000\040\000r\000e\000c\000i\000p\000e\000\040\135\362\176\317\153\324\000\040\000C\000h\000i\000n\000c\000h\000i\000l\000l\000a\000\040\146\364\131\015\147\102}{section.5}% 25
\BOOKMARK [2][-]{subsection.5.4}{\376\377\147\054\172\340\134\017\176\323}{section.5}% 26
\BOOKMARK [1][-]{section.6}{\376\377\143\250\164\006\174\373\176\337\377\032\000P\000r\000e\000f\000i\000l\000l\000/\000D\000e\000c\000o\000d\000e\060\001\000K\000V\000\040\000C\000a\000c\000h\000e\000\040\116\016\117\116\142\020\147\054\217\321\117\074}{}% 27
\BOOKMARK [2][-]{subsection.6.1}{\376\377\213\262\153\041\000\040\0001\0000\377\032\143\250\164\006\116\016\213\255\176\303\146\057\116\044\171\315\116\015\124\014\166\204\135\345\117\134\215\037\217\175}{section.6}% 28
\BOOKMARK [2][-]{subsection.6.2}{\376\377\213\262\153\041\000\040\0001\0000\377\032\000P\000r\000e\000f\000i\000l\000l\000\040\116\016\000\040\000D\000e\000c\000o\000d\000e\000\040\166\204\147\054\215\050\135\356\137\002}{section.6}% 29
\BOOKMARK [2][-]{subsection.6.3}{\376\377\213\262\153\041\000\040\0001\0000\377\032\116\072\116\206\146\364\137\353\143\250\164\006\377\014\123\357\116\345\145\071\124\352\221\314}{section.6}% 30
\BOOKMARK [2][-]{subsection.6.4}{\376\377\213\262\153\041\000\040\0001\0000\377\032\121\306\170\156\163\207\116\016\220\037\136\246\116\113\225\364\154\241\147\011\166\175\142\377\166\204\117\277\133\234}{section.6}% 31
\BOOKMARK [2][-]{subsection.6.5}{\376\377\147\054\172\340\134\017\176\323}{section.6}% 32
\BOOKMARK [1][-]{section.7}{\376\377\213\304\117\060\116\016\145\160\143\156\135\345\172\013}{}% 33
\BOOKMARK [2][-]{subsection.7.1}{\376\377\213\262\153\041\000\040\0001\0002\377\032\213\304\117\060\116\015\146\057\116\000\116\052\122\006\145\160\377\014\200\014\146\057\116\000\145\164\131\127\116\373\122\241\122\006\211\343}{section.7}% 34
\BOOKMARK [2][-]{subsection.7.2}{\376\377\213\262\153\041\000\040\0001\0003\377\032\145\160\143\156\116\015\146\057\040\034\142\223\116\013\147\145\134\061\200\375\213\255\040\035\166\204\123\237\145\231}{section.7}% 35
\BOOKMARK [2][-]{subsection.7.3}{\376\377\213\262\153\041\000\040\0001\0004\377\032\145\160\143\156\131\004\164\006\166\204\121\163\225\056\146\057\217\307\156\344\060\001\123\273\221\315\116\016\230\204\173\227\122\006\221\115}{section.7}% 36
\BOOKMARK [2][-]{subsection.7.4}{\376\377\147\054\172\340\134\017\176\323}{section.7}% 37
\BOOKMARK [1][-]{section.8}{\376\377\133\371\237\120\377\032\116\316\000\040\000S\000F\000T\000/\000R\000L\000H\000F\000\040\122\060\000\040\000R\000L\000V\000R}{}% 38
\BOOKMARK [2][-]{subsection.8.1}{\376\377\213\262\153\041\000\040\0001\0005\377\032\116\072\116\300\116\110\230\204\213\255\176\303\152\041\127\213\217\330\116\015\131\037}{section.8}% 39
\BOOKMARK [2][-]{subsection.8.2}{\376\377\213\262\153\041\000\040\0001\0005\377\032\000S\000F\000T\000\040\145\160\143\156\166\204\167\037\153\143\226\276\160\271\127\050\116\216\133\203\145\071\123\330\116\206\152\041\127\213\210\114\116\072\122\006\136\003}{section.8}% 40
\BOOKMARK [2][-]{subsection.8.3}{\376\377\213\262\153\041\000\040\0001\0006\377\032\116\316\000\040\000D\000P\000O\000\040\122\060\000\040\000P\000P\000O\377\014\121\215\122\060\000\040\000G\000R\000P\000O\000\040\166\204\122\250\147\072}{section.8}% 41
\BOOKMARK [2][-]{subsection.8.4}{\376\377\213\262\153\041\000\040\0001\0007\377\032\000B\000a\000s\000e\000l\000i\000n\000e\060\001\000A\000d\000v\000a\000n\000t\000a\000g\000e\000\040\116\016\000\040\000G\000R\000P\000O\000\040\166\204\147\072\150\260\176\306\202\202}{section.8}% 42
\BOOKMARK [2][-]{subsection.8.5}{\376\377\213\262\153\041\000\040\0001\0006\040\023\0001\0007\377\032\000R\000L\000V\000R\000\040\116\072\116\300\116\110\142\212\213\376\172\013\176\310\160\271\143\250\122\060\116\206\000\040\000o\0001\000\040\000/\000\040\000r\0001\000\040\145\366\116\343}{section.8}% 43
\BOOKMARK [2][-]{subsection.8.6}{\376\377\147\054\172\340\134\017\176\323}{section.8}% 44
\BOOKMARK [1][-]{section.9}{\376\377\140\073\176\323\116\016\136\366\117\070}{}% 45
