\BOOKMARK [1][-]{section.1}{\376\377\217\331\213\262\127\050\145\164\225\350\213\376\221\314\142\156\157\024\116\300\116\110\211\322\202\162}{}% 1
\BOOKMARK [2][-]{subsection.1.1}{\376\377\116\072\116\300\116\110\173\054\000\040\0002\000\040\213\262\116\015\121\215\213\262\000\040\000T\000r\000a\000n\000s\000f\000o\000r\000m\000e\000r\377\014\200\014\145\071\213\262\000\040\000p\000r\000i\000m\000i\000t\000i\000v\000e\000s}{section.1}% 2
\BOOKMARK [2][-]{subsection.1.2}{\376\377\116\011\116\052\136\046\215\160\160\271\377\032\000M\000e\000c\000h\000a\000n\000i\000c\000s\060\001\000M\000i\000n\000d\000s\000e\000t\060\001\000I\000n\000t\000u\000i\000t\000i\000o\000n\000s}{section.1}% 3
\BOOKMARK [2][-]{subsection.1.3}{\376\377\147\054\172\340\134\017\176\323}{section.1}% 4
\BOOKMARK [1][-]{section.2}{\376\377\215\104\156\220\150\070\173\227\116\072\116\300\116\110\146\057\213\355\212\000\152\041\127\213\135\345\172\013\166\204\215\167\160\271}{}% 5
\BOOKMARK [2][-]{subsection.2.1}{\376\377\000N\000a\000p\000k\000i\000n\000\040\000m\000a\000t\000h\000\040\116\015\146\057\174\227\174\331\377\014\200\014\146\057\173\054\116\000\134\102\137\305\211\201\217\321\117\074}{section.2}% 6
\BOOKMARK [2][-]{subsection.2.2}{\376\377\146\076\133\130\225\356\230\230\124\014\150\067\227\000\211\201\173\054\116\000\145\366\225\364\120\132\145\160\221\317\176\247\122\044\145\255}{section.2}% 7
\BOOKMARK [2][-]{subsection.2.3}{\376\377\116\072\116\300\116\110\217\331\225\350\213\376\211\201\142\212\121\205\133\130\124\214\213\241\173\227\142\306\142\020\116\044\116\052\215\046\147\054}{section.2}% 8
\BOOKMARK [2][-]{subsection.2.4}{\376\377\147\054\172\340\134\017\176\323}{section.2}% 9
\BOOKMARK [1][-]{section.3}{\376\377\000M\000e\000m\000o\000r\000y\000\040\000A\000c\000c\000o\000u\000n\000t\000i\000n\000g\377\032\000t\000e\000n\000s\000o\000r\060\001\174\276\136\246\116\016\213\255\176\303\162\266\140\001\122\060\136\225\124\004\123\140\131\032\134\021}{}% 10
\BOOKMARK [2][-]{subsection.3.1}{\376\377\116\072\116\300\116\110\000\040\000t\000e\000n\000s\000o\000r\000\040\146\057\217\331\225\350\213\376\147\000\127\372\170\100\166\204\133\371\214\141}{section.3}% 11
\BOOKMARK [2][-]{subsection.3.2}{\376\377\000f\000l\000o\000a\000t\0003\0002\000\040\146\057\236\330\213\244\127\372\176\277\377\014\117\106\137\210\215\065}{section.3}% 12
\BOOKMARK [2][-]{subsection.3.3}{\376\377\000f\000l\000o\000a\000t\0001\0006\000\040\116\072\116\300\116\110\167\001\121\205\133\130\377\014\117\106\123\310\133\271\146\023\121\372\116\213}{section.3}% 13
\BOOKMARK [2][-]{subsection.3.4}{\376\377\000b\000f\000l\000o\000a\000t\0001\0006\000\040\116\072\116\300\116\110\121\340\116\116\142\020\116\206\163\260\116\343\213\255\176\303\166\204\236\330\213\244\131\245\123\117}{section.3}% 14
\BOOKMARK [2][-]{subsection.3.5}{\376\377\000F\000P\0008\377\032\146\364\117\277\133\234\377\014\117\106\136\166\116\015\141\017\124\163\167\100\123\357\116\345\145\340\201\021\121\150\221\317\146\377\143\142}{section.3}% 15
\BOOKMARK [2][-]{subsection.3.6}{\376\377\000M\000i\000x\000e\000d\000\040\000P\000r\000e\000c\000i\000s\000i\000o\000n\377\032\116\072\116\300\116\110\217\331\121\166\133\236\146\057\215\104\156\220\122\006\134\102\173\241\164\006}{section.3}% 16
\BOOKMARK [2][-]{subsection.3.7}{\376\377\147\054\172\340\134\017\176\323}{section.3}% 17
\BOOKMARK [1][-]{section.4}{\376\377\000C\000o\000m\000p\000u\000t\000e\000\040\000A\000c\000c\000o\000u\000n\000t\000i\000n\000g\377\032\116\316\000\040\000s\000t\000o\000r\000a\000g\000e\000\040\000l\000a\000y\000o\000u\000t\000\040\122\060\000\040\000F\000L\000O\000P\000s}{}% 18
\BOOKMARK [2][-]{subsection.4.1}{\376\377\116\072\116\300\116\110\000\040\000G\000P\000U\000\040\116\015\123\352\146\057\146\364\137\353\166\204\000\040\000C\000P\000U}{section.4}% 19
\BOOKMARK [2][-]{subsection.4.2}{\376\377\000T\000e\000n\000s\000o\000r\000\040\000s\000t\000o\000r\000a\000g\000e\000\040\116\016\000\040\000s\000t\000r\000i\000d\000e\377\032\116\072\116\300\116\110\040\034\000v\000i\000e\000w\000\040\146\057\121\115\215\071\166\204\377\014\000c\000o\000p\000y\000\040\116\015\146\057\040\035}{section.4}% 20
\BOOKMARK [2][-]{subsection.4.3}{\376\377\000E\000l\000e\000m\000e\000n\000t\000w\000i\000s\000e\000\040\116\016\000\040\000M\000a\000t\000M\000u\000l\377\032\116\072\116\300\116\110\167\351\226\065\116\130\154\325\176\337\154\273\155\361\136\246\133\146\116\140\142\020\147\054}{section.4}% 21
\BOOKMARK [2][-]{subsection.4.4}{\376\377\000F\000L\000O\000P\000s\060\001\000F\000L\000O\000P\000/\000s\000\040\116\016\170\154\116\366\211\304\150\074\116\113\225\364\146\057\116\300\116\110\121\163\174\373}{section.4}% 22
\BOOKMARK [2][-]{subsection.4.5}{\376\377\116\072\116\300\116\110\122\115\124\021\000\040\0002\060\001\123\315\124\021\000\040\0004\060\001\140\073\213\241\000\040\0006\000\040\117\032\142\020\116\072\116\000\116\052\123\315\131\015\121\372\163\260\166\204\136\070\145\160}{section.4}% 23
\BOOKMARK [2][-]{subsection.4.6}{\376\377\000M\000F\000U\377\032\116\072\116\300\116\110\133\203\146\057\217\336\143\245\152\041\127\213\116\016\170\154\116\366\166\204\150\145}{section.4}% 24
\BOOKMARK [2][-]{subsection.4.7}{\376\377\147\054\172\340\134\017\176\323}{section.4}% 25
\BOOKMARK [1][-]{section.5}{\376\377\000B\000a\000c\000k\000w\000a\000r\000d\060\001\152\041\127\213\133\371\214\141\116\016\213\255\176\303\137\252\163\257\377\032\116\316\145\160\133\146\133\371\214\141\122\060\135\345\172\013\174\373\176\337}{}% 26
\BOOKMARK [2][-]{subsection.5.1}{\376\377\000B\000a\000c\000k\000w\000a\000r\000d\000\040\116\072\116\300\116\110\131\047\201\364\153\324\000\040\000f\000o\000r\000w\000a\000r\000d\000\040\146\364\215\065}{section.5}% 27
\BOOKMARK [2][-]{subsection.5.2}{\376\377\000n\000n\000.\000P\000a\000r\000a\000m\000e\000t\000e\000r\060\001\000m\000o\000d\000u\000l\000e\000\040\116\016\000\040\000i\000n\000i\000t\000i\000a\000l\000i\000z\000a\000t\000i\000o\000n\000\040\166\204\211\322\202\162}{section.5}% 28
\BOOKMARK [2][-]{subsection.5.3}{\376\377\000D\000a\000t\000a\000\040\000l\000o\000a\000d\000i\000n\000g\060\001\000p\000i\000n\000n\000e\000d\000\040\000m\000e\000m\000o\000r\000y\000\040\116\016\213\255\176\303\136\166\210\114\140\047}{section.5}% 29
\BOOKMARK [2][-]{subsection.5.4}{\376\377\000O\000p\000t\000i\000m\000i\000z\000e\000r\377\032\116\072\116\300\116\110\000\040\000A\000d\000a\000m\000\040\116\015\123\352\146\057\040\034\146\364\145\260\211\304\122\031\040\035\377\014\217\330\146\057\116\000\173\024\131\047\121\205\133\130\215\046}{section.5}% 30
\BOOKMARK [2][-]{subsection.5.5}{\376\377\000C\000h\000e\000c\000k\000p\000o\000i\000n\000t\000i\000n\000g\000\040\116\016\000\040\000m\000i\000x\000e\000d\000\040\000p\000r\000e\000c\000i\000s\000i\000o\000n\000\040\116\072\116\300\116\110\117\032\127\050\217\331\213\262\145\066\134\076\121\372\163\260}{section.5}% 31
\BOOKMARK [2][-]{subsection.5.6}{\376\377\147\054\172\340\134\017\176\323}{section.5}% 32
\BOOKMARK [1][-]{section.6}{\376\377\140\073\176\323\116\016\136\366\117\070}{}% 33
