\BOOKMARK [1][-]{section.1}{\376\377\116\316\123\125\000\040\000G\000P\000U\000\040\122\060\131\032\000\040\000G\000P\000U\377\032\217\331\116\000\213\262\140\363\211\343\121\263\116\300\116\110}{}% 1
\BOOKMARK [1][-]{section.2}{\376\377\000C\000o\000l\000l\000e\000c\000t\000i\000v\000e\000\040\000o\000p\000e\000r\000a\000t\000i\000o\000n\000s\377\032\122\006\136\003\137\017\172\013\136\217\166\204\213\355\154\325}{}% 2
\BOOKMARK [2][-]{subsection.2.1}{\376\377\116\072\116\300\116\110\213\376\172\013\142\212\000\040\000c\000o\000l\000l\000e\000c\000t\000i\000v\000e\000\040\000o\000p\000e\000r\000a\000t\000i\000o\000n\000\040\145\076\127\050\147\000\122\115\227\142}{section.2}% 3
\BOOKMARK [2][-]{subsection.2.2}{\376\377\000a\000l\000l\000-\000r\000e\000d\000u\000c\000e\000\040\116\072\116\300\116\110\176\317\136\070\210\253\145\071\121\231\142\020\000\040\000r\000e\000d\000u\000c\000e\000-\000s\000c\000a\000t\000t\000e\000r\000\040\000+\000\040\000a\000l\000l\000-\000g\000a\000t\000h\000e\000r}{section.2}% 4
\BOOKMARK [2][-]{subsection.2.3}{\376\377\147\054\172\340\134\017\176\323}{section.2}% 5
\BOOKMARK [1][-]{section.3}{\376\377\170\154\116\366\142\323\142\121\121\263\133\232\116\206\124\352\116\233\220\032\117\341\152\041\137\017\146\057\163\260\133\236\123\357\210\114\166\204}{}% 6
\BOOKMARK [2][-]{subsection.3.1}{\376\377\000P\000C\000I\000e\060\001\000N\000V\000L\000i\000n\000k\060\001\000N\000V\000S\000w\000i\000t\000c\000h\000\040\116\016\040\034\134\102\176\247\123\026\136\046\133\275\040\035}{section.3}% 7
\BOOKMARK [2][-]{subsection.3.2}{\376\377\116\072\116\300\116\110\000\040\000N\000C\000C\000L\000\040\117\032\142\020\116\072\133\236\226\105\213\255\176\303\221\314\166\204\121\163\225\056\176\304\116\366}{section.3}% 8
\BOOKMARK [2][-]{subsection.3.3}{\376\377\000P\000y\000T\000o\000r\000c\000h\000\040\000d\000i\000s\000t\000r\000i\000b\000u\000t\000e\000d\000\040\166\204\141\017\116\111\146\057\116\300\116\110}{section.3}% 9
\BOOKMARK [2][-]{subsection.3.4}{\376\377\147\054\172\340\134\017\176\323}{section.3}% 10
\BOOKMARK [1][-]{section.4}{\376\377\142\212\136\166\210\114\173\126\165\145\000\040\000c\000o\000n\000c\000r\000e\000t\000i\000z\000e\000\040\142\020\116\343\170\001\377\032\000d\000a\000t\000a\000\040\000/\000\040\000t\000e\000n\000s\000o\000r\000\040\000/\000\040\000p\000i\000p\000e\000l\000i\000n\000e\000\040\116\011\171\315\122\006\162\107}{}% 11
\BOOKMARK [2][-]{subsection.4.1}{\376\377\213\376\172\013\116\072\116\300\116\110\220\011\142\351\165\050\155\361\000\040\000M\000L\000P\000\040\157\024\171\072\122\006\136\003\137\017\213\255\176\303}{section.4}% 12
\BOOKMARK [2][-]{subsection.4.2}{\376\377\000D\000a\000t\000a\000\040\000p\000a\000r\000a\000l\000l\000e\000l\377\032\122\007\000\040\000b\000a\000t\000c\000h\377\014\123\302\145\160\117\335\143\001\116\000\201\364}{section.4}% 13
\BOOKMARK [2][-]{subsection.4.3}{\376\377\000T\000e\000n\000s\000o\000r\000\040\000p\000a\000r\000a\000l\000l\000e\000l\377\032\122\007\134\102\121\205\133\275\136\246\377\014\157\300\155\073\211\201\230\221\176\101\123\117\124\014}{section.4}% 14
\BOOKMARK [2][-]{subsection.4.4}{\376\377\000P\000i\000p\000e\000l\000i\000n\000e\000\040\000p\000a\000r\000a\000l\000l\000e\000l\377\032\122\007\134\102\153\265\377\014\000a\000c\000t\000i\000v\000a\000t\000i\000o\000n\000\040\230\172\167\100\000\040\000s\000t\000a\000g\000e\000\040\137\200\122\115\155\101}{section.4}% 15
\BOOKMARK [2][-]{subsection.4.5}{\376\377\116\072\116\300\116\110\167\037\133\236\174\373\176\337\221\314\220\032\136\070\116\015\153\142\116\000\171\315\122\006\162\107\145\271\137\017}{section.4}% 16
\BOOKMARK [2][-]{subsection.4.6}{\376\377\147\054\172\340\134\017\176\323}{section.4}% 17
\BOOKMARK [1][-]{section.5}{\376\377\170\154\116\366\134\102\176\247\116\015\117\032\155\210\131\061\377\014\136\166\210\114\123\352\146\057\127\050\146\364\232\330\134\102\221\315\157\024\116\012\116\000\213\262\166\204\145\105\116\213}{}% 18
\BOOKMARK [2][-]{subsection.5.1}{\376\377\116\072\116\300\116\110\213\376\172\013\147\000\124\016\213\364\040\034\000w\000e\000\040\000w\000i\000l\000l\000\040\000a\000l\000w\000a\000y\000s\000\040\000w\000a\000n\000t\000\040\000b\000i\000g\000g\000e\000r\000\040\000m\000o\000d\000e\000l\000s\040\035}{section.5}% 19
\BOOKMARK [2][-]{subsection.5.2}{\376\377\147\054\172\340\134\017\176\323}{section.5}% 20
\BOOKMARK [1][-]{section.6}{\376\377\140\073\176\323\116\016\136\366\117\070}{}% 21
