\BOOKMARK [1][-]{section.1}{\376\377\116\316\000\040\000R\000L\000H\000F\000\040\166\204\236\273\160\346\121\372\123\321\377\032\116\072\116\300\116\110\217\330\227\000\211\201\000\040\000R\000L\000V\000R}{}% 1
\BOOKMARK [2][-]{subsection.1.1}{\376\377\173\054\000\040\0001\0006\000\040\213\262\121\110\120\132\116\206\116\000\153\041\137\210\213\332\133\236\166\204\126\336\230\176}{section.1}% 2
\BOOKMARK [2][-]{subsection.1.2}{\376\377\147\054\172\340\134\017\176\323}{section.1}% 3
\BOOKMARK [1][-]{section.2}{\376\377\000D\000P\000O\000\040\166\204\124\070\137\025\122\233\116\016\133\203\154\241\154\325\211\343\121\263\166\204\225\356\230\230}{}% 4
\BOOKMARK [2][-]{subsection.2.1}{\376\377\116\072\116\300\116\110\000\040\000D\000P\000O\000\040\167\013\215\167\147\145\120\317\040\034\000R\000L\000H\000F\000\040\000w\000i\000t\000h\000o\000u\000t\000\040\000t\000e\000a\000r\000s\040\035}{section.2}% 5
\BOOKMARK [2][-]{subsection.2.2}{\376\377\116\072\116\300\116\110\213\376\172\013\116\315\161\066\133\371\000\040\000D\000P\000O\000\040\117\335\143\001\214\050\141\116}{section.2}% 6
\BOOKMARK [2][-]{subsection.2.3}{\376\377\147\054\172\340\134\017\176\323}{section.2}% 7
\BOOKMARK [1][-]{section.3}{\376\377\000R\000L\000H\000F\000\040\166\204\122\157\117\134\165\050\377\032\217\307\117\030\123\026\116\016\152\041\137\017\127\115\177\051\116\072\116\300\116\110\117\032\123\315\131\015\121\372\163\260}{}% 8
\BOOKMARK [2][-]{subsection.3.1}{\376\377\116\072\116\300\116\110\000\040\000R\000L\000H\000F\000\040\226\276\116\345\145\340\226\120\000\040\000s\000c\000a\000l\000e\000\040\000o\000u\000t}{section.3}% 9
\BOOKMARK [2][-]{subsection.3.2}{\376\377\152\041\137\017\127\115\177\051\213\364\146\016\152\041\127\213\116\015\121\215\120\317\151\202\163\207\152\041\127\213\220\243\150\067\135\345\117\134}{section.3}% 10
\BOOKMARK [2][-]{subsection.3.3}{\376\377\147\054\172\340\134\017\176\323}{section.3}% 11
\BOOKMARK [1][-]{section.4}{\376\377\116\072\116\300\116\110\217\331\213\262\117\032\142\212\213\376\172\013\116\316\000\040\000G\000P\000T\000-\0003\000.\0005\000\040\166\364\143\245\143\250\217\333\122\060\000\040\000o\0001\000\040\000/\000\040\000r\0001}{}% 12
\BOOKMARK [2][-]{subsection.4.1}{\376\377\213\376\172\013\116\073\176\277\127\050\217\331\221\314\123\321\165\037\116\206\146\016\146\076\217\154\124\021}{section.4}% 13
\BOOKMARK [2][-]{subsection.4.2}{\376\377\000R\000L\000V\000R\000\040\166\204\166\356\150\007\116\015\146\057\121\215\120\132\116\000\220\115\000\040\000R\000L\000H\000F\377\014\200\014\146\057\142\151\131\047\000\040\000R\000L\000\040\166\204\220\002\165\050\127\337}{section.4}% 14
\BOOKMARK [2][-]{subsection.4.3}{\376\377\147\054\172\340\134\017\176\323}{section.4}% 15
\BOOKMARK [1][-]{section.5}{\376\377\116\316\000\040\000p\000o\000l\000i\000c\000y\000\040\000g\000r\000a\000d\000i\000e\000n\000t\000\040\122\060\000\040\000P\000P\000O\377\032\116\072\116\300\116\110\127\050\176\277\000\040\000R\000L\000\040\217\330\146\057\117\032\126\336\147\145}{}% 16
\BOOKMARK [2][-]{subsection.5.1}{\376\377\213\376\172\013\121\110\142\212\147\000\127\372\147\054\166\204\000\040\000p\000o\000l\000i\000c\000y\000\040\000g\000r\000a\000d\000i\000e\000n\000t\000\040\121\231\121\372\147\145}{section.5}% 17
\BOOKMARK [2][-]{subsection.5.2}{\376\377\116\072\116\300\116\110\213\376\172\013\217\330\211\201\176\331\133\146\165\037\167\013\000\040\000P\000P\000O\000\040\133\236\163\260}{section.5}% 18
\BOOKMARK [2][-]{subsection.5.3}{\376\377\000P\000P\000O\000\040\127\050\213\355\212\000\152\041\127\213\221\314\122\060\136\225\153\324\146\156\220\032\000\040\000R\000L\000\040\131\032\116\206\124\352\116\233\220\350\116\366}{section.5}% 19
\BOOKMARK [2][-]{subsection.5.4}{\376\377\000r\000e\000w\000a\000r\000d\000\040\000s\000h\000a\000p\000i\000n\000g\000\040\116\016\000\040\000G\000A\000E\000\040\146\057\000\040\000P\000P\000O\000\040\167\037\153\143\226\276\213\255\166\204\127\060\145\271}{section.5}% 20
\BOOKMARK [2][-]{subsection.5.5}{\376\377\147\054\172\340\134\017\176\323}{section.5}% 21
\BOOKMARK [1][-]{section.6}{\376\377\000G\000R\000P\000O\377\032\142\212\213\355\212\000\152\041\127\213\166\204\040\034\124\014\000\040\000p\000r\000o\000m\000p\000t\000\040\131\032\126\336\173\124\040\035\176\323\147\204\166\364\143\245\165\050\215\167\147\145}{}% 22
\BOOKMARK [2][-]{subsection.6.1}{\376\377\000G\000R\000P\000O\000\040\166\204\150\070\137\303\140\035\140\363\116\015\146\057\146\364\131\015\147\102\377\014\200\014\146\057\146\364\173\200\123\125}{section.6}% 23
\BOOKMARK [2][-]{subsection.6.2}{\376\377\116\072\116\300\116\110\213\376\172\013\232\154\116\012\137\000\131\313\143\021\000\040\000G\000R\000P\000O\000\040\166\204\122\072}{section.6}% 24
\BOOKMARK [2][-]{subsection.6.3}{\376\377\116\072\116\300\116\110\213\376\172\013\213\364\040\034\000s\000t\000d\000e\000v\000\040\000n\000o\000r\000m\000a\000l\000i\000z\000a\000t\000i\000o\000n\000\040\116\015\146\057\147\011\145\110\000\040\000b\000a\000s\000e\000l\000i\000n\000e\040\035}{section.6}% 25
\BOOKMARK [2][-]{subsection.6.4}{\376\377\000l\000e\000n\000g\000t\000h\000\040\000b\000i\000a\000s\000\040\116\072\116\300\116\110\117\032\123\330\142\020\000\040\000r\000e\000a\000s\000o\000n\000i\000n\000g\000\040\000R\000L\000\040\221\314\166\204\167\037\133\236\225\356\230\230}{section.6}% 26
\BOOKMARK [2][-]{subsection.6.5}{\376\377\147\054\172\340\134\017\176\323}{section.6}% 27
\BOOKMARK [1][-]{section.7}{\376\377\116\072\116\300\116\110\000\040\000R\000L\000V\000R\000\040\117\032\142\212\213\376\172\013\176\310\160\271\143\250\122\060\000\040\000o\0001\000\040\000/\000\040\000R\0001\000\040\145\366\116\343}{}% 28
\BOOKMARK [2][-]{subsection.7.1}{\376\377\123\357\232\214\213\301\131\126\122\261\213\251\000\040\000R\000L\000\040\166\204\166\356\150\007\173\054\116\000\153\041\123\330\137\227\040\034\170\154\040\035\215\167\147\145}{section.7}% 29
\BOOKMARK [2][-]{subsection.7.2}{\376\377\000R\0001\060\001\000K\000i\000m\000i\000\040\124\214\000\040\000Q\000w\000e\000n\000\040\213\364\146\016\116\206\116\300\116\110}{section.7}% 30
\BOOKMARK [2][-]{subsection.7.3}{\376\377\000D\000e\000e\000p\000S\000e\000e\000k\000\040\000R\0001\377\032\116\072\116\300\116\110\133\203\142\020\116\206\217\331\116\000\154\342\000\040\000R\000L\000V\000R\000\040\166\204\116\055\137\303\150\110\117\213}{section.7}% 31
\BOOKMARK [2][-]{subsection.7.4}{\376\377\000K\000i\000m\000i\000\040\000K\0001\000.\0005\377\032\123\346\116\000\147\141\124\014\145\366\147\037\215\357\176\277\213\364\146\016\000\040\000o\000b\000j\000e\000c\000t\000i\000v\000e\000\040\217\330\127\050\137\353\220\037\157\024\123\026}{section.7}% 32
\BOOKMARK [2][-]{subsection.7.5}{\376\377\000Q\000w\000e\000n\000\040\0003\377\032\117\116\145\160\143\156\000\040\000R\000L\000V\000R\000\040\213\364\146\016\173\133\220\011\215\050\221\317\123\357\116\345\146\377\116\343\176\257\145\160\143\156\221\317}{section.7}% 33
\BOOKMARK [2][-]{subsection.7.6}{\376\377\147\054\172\340\134\017\176\323}{section.7}% 34
\BOOKMARK [1][-]{section.8}{\376\377\140\073\176\323\116\016\136\366\117\070}{}% 35
