\BOOKMARK [1][-]{section.1}{\376\377\000S\000c\000a\000l\000i\000n\000g\000\040\000L\000a\000w\000s\000\040\000I\000I\377\032\116\316\157\002\116\256\146\362\176\277\122\060\123\357\142\147\210\114\000\040\000r\000e\000c\000i\000p\000e}{}% 1
\BOOKMARK [2][-]{subsection.1.1}{\376\377\116\072\116\300\116\110\173\054\000\040\0001\0001\000\040\213\262\211\201\116\316\000\040\000C\000h\000i\000n\000c\000h\000i\000l\000l\000a\000\040\176\347\176\355\137\200\122\115\215\160}{section.1}% 2
\BOOKMARK [2][-]{subsection.1.2}{\376\377\121\154\137\000\150\110\117\213\166\204\141\017\116\111\377\032\000C\000e\000r\000e\000b\000r\000a\000s\000G\000P\000T\060\001\000M\000i\000n\000i\000C\000P\000M\060\001\000D\000e\000e\000p\000S\000e\000e\000k}{section.1}% 3
\BOOKMARK [2][-]{subsection.1.3}{\376\377\147\054\172\340\134\017\176\323}{section.1}% 4
\BOOKMARK [1][-]{section.2}{\376\377\000m\000u\000P\377\032\213\251\134\017\152\041\127\213\214\003\123\302\146\364\120\317\146\057\127\050\176\331\131\047\152\041\127\213\214\003\123\302}{}% 5
\BOOKMARK [2][-]{subsection.2.1}{\376\377\000m\000u\000P\000\040\140\363\211\343\121\263\166\204\116\015\146\057\040\034\140\047\200\375\146\364\232\330\040\035\377\014\200\014\146\057\040\034\217\301\171\373\146\364\172\063\040\035}{section.2}% 6
\BOOKMARK [2][-]{subsection.2.2}{\376\377\213\376\172\013\131\202\117\125\211\343\221\312\000\040\000m\000u\000P\000\040\166\204\123\237\122\031}{section.2}% 7
\BOOKMARK [2][-]{subsection.2.3}{\376\377\147\054\172\340\134\017\176\323}{section.2}% 8
\BOOKMARK [1][-]{section.3}{\376\377\000M\000i\000n\000i\000C\000P\000M\377\032\142\212\000\040\000b\000a\000t\000c\000h\060\001\133\146\116\140\163\207\124\214\145\160\143\156\221\115\153\324\220\375\176\263\121\145\177\051\145\076\122\006\147\220}{}% 9
\BOOKMARK [2][-]{subsection.3.1}{\376\377\116\316\040\034\126\372\133\232\221\115\145\271\040\035\122\060\040\034\174\373\176\337\142\337\124\010\147\000\117\030\215\205\123\302\145\160\040\035}{section.3}% 10
\BOOKMARK [2][-]{subsection.3.2}{\376\377\147\000\117\030\000\040\000b\000a\000t\000c\000h\000\040\000s\000i\000z\000e\000\040\124\214\147\000\117\030\133\146\116\140\163\207\116\072\116\300\116\110\116\137\120\074\137\227\142\337\124\010}{section.3}% 11
\BOOKMARK [2][-]{subsection.3.3}{\376\377\000W\000S\000D\000\040\133\146\116\140\163\207\214\003\136\246\116\072\116\300\116\110\200\375\213\251\000\040\000C\000h\000i\000n\000c\000h\000i\000l\000l\000a\000\040\142\337\124\010\146\364\117\277\133\234}{section.3}% 12
\BOOKMARK [2][-]{subsection.3.4}{\376\377\147\054\172\340\134\017\176\323}{section.3}% 13
\BOOKMARK [1][-]{section.4}{\376\377\145\160\143\156\152\041\127\213\221\115\153\324\135\362\176\317\116\015\153\142\040\034\0002\0000\000\040\120\015\123\302\145\160\221\317\040\035\116\206}{}% 14
\BOOKMARK [2][-]{subsection.4.1}{\376\377\000j\000o\000i\000n\000t\000\040\000f\000i\000t\000\040\124\214\000\040\000l\000o\000w\000e\000r\000\040\000e\000n\000v\000e\000l\000o\000p\000e\000\040\176\331\121\372\116\206\146\364\232\330\166\204\145\160\143\156\153\324}{section.4}% 15
\BOOKMARK [2][-]{subsection.4.2}{\376\377\116\072\116\300\116\110\040\034\146\364\131\032\145\160\143\156\040\035\217\331\116\366\116\213\127\050\163\260\116\343\000\040\000r\000e\000c\000i\000p\000e\000\040\221\314\215\212\147\145\215\212\136\070\211\301}{section.4}% 16
\BOOKMARK [2][-]{subsection.4.3}{\376\377\147\054\172\340\134\017\176\323}{section.4}% 17
\BOOKMARK [1][-]{section.5}{\376\377\000D\000e\000e\000p\000S\000e\000e\000k\000\040\124\214\146\364\217\321\166\204\000\040\000r\000e\000c\000i\000p\000e\377\032\000m\000u\000P\000\040\116\015\146\057\125\057\116\000\220\123\215\357}{}% 18
\BOOKMARK [2][-]{subsection.5.1}{\376\377\000D\000e\000e\000p\000S\000e\000e\000k\000\040\116\343\210\150\116\206\123\346\116\000\171\315\135\345\172\013\124\362\133\146}{section.5}% 19
\BOOKMARK [2][-]{subsection.5.2}{\376\377\147\000\217\321\166\204\121\154\137\000\152\041\127\213\127\050\120\132\116\300\116\110}{section.5}% 20
\BOOKMARK [2][-]{subsection.5.3}{\376\377\147\054\172\340\134\017\176\323}{section.5}% 21
\BOOKMARK [1][-]{section.6}{\376\377\140\073\176\323\116\016\136\366\117\070}{}% 22
